2013-06-25 10:12:45,906 INFO [org.hibernate.annotations.common.Version] - <Hibernate Commons Annotations 3.2.0.Final>
2013-06-25 10:12:45,960 INFO [org.hibernate.cfg.Environment] - <Hibernate 3.6.9.Final>
2013-06-25 10:12:45,963 INFO [org.hibernate.cfg.Environment] - <hibernate.properties not found>
2013-06-25 10:12:45,968 INFO [org.hibernate.cfg.Environment] - <Bytecode provider name : javassist>
2013-06-25 10:12:45,991 INFO [org.hibernate.cfg.Environment] - <using JDK 1.4 java.sql.Timestamp handling>
2013-06-25 10:12:46,389 INFO [org.hibernate.cfg.AnnotationBinder] - <Binding entity from annotated class: com.bupt.pcncad.domain.Topic>
2013-06-25 10:12:46,453 INFO [org.hibernate.cfg.annotations.EntityBinder] - <Bind entity com.bupt.pcncad.domain.Topic on table TOPIC>
2013-06-25 10:12:46,637 INFO [org.hibernate.cfg.AnnotationBinder] - <Binding entity from annotated class: com.bupt.pcncad.domain.Academy>
2013-06-25 10:12:46,639 INFO [org.hibernate.cfg.annotations.EntityBinder] - <Bind entity com.bupt.pcncad.domain.Academy on table ACADEMY>
2013-06-25 10:12:46,644 INFO [org.hibernate.cfg.AnnotationBinder] - <Binding entity from annotated class: com.bupt.pcncad.domain.Group>
2013-06-25 10:12:46,644 INFO [org.hibernate.cfg.annotations.EntityBinder] - <Bind entity com.bupt.pcncad.domain.Group on table GROUP>
2013-06-25 10:12:46,655 INFO [org.hibernate.cfg.AnnotationBinder] - <Binding entity from annotated class: com.bupt.pcncad.domain.Resource>
2013-06-25 10:12:46,656 INFO [org.hibernate.cfg.annotations.EntityBinder] - <Bind entity com.bupt.pcncad.domain.Resource on table RESOURCE>
2013-06-25 10:12:46,676 INFO [org.hibernate.cfg.AnnotationBinder] - <Binding entity from annotated class: com.bupt.pcncad.domain.Rate>
2013-06-25 10:12:46,677 INFO [org.hibernate.cfg.annotations.EntityBinder] - <Bind entity com.bupt.pcncad.domain.Rate on table RATE>
2013-06-25 10:12:46,680 INFO [org.hibernate.cfg.AnnotationBinder] - <Binding entity from annotated class: com.bupt.pcncad.domain.DoubanJson>
2013-06-25 10:12:46,680 INFO [org.hibernate.cfg.annotations.EntityBinder] - <Bind entity com.bupt.pcncad.domain.DoubanJson on table DoubanJson>
2013-06-25 10:12:46,687 INFO [org.hibernate.cfg.AnnotationBinder] - <Binding entity from annotated class: com.bupt.pcncad.domain.HotBook>
2013-06-25 10:12:46,687 INFO [org.hibernate.cfg.annotations.EntityBinder] - <Bind entity com.bupt.pcncad.domain.HotBook on table HOT_BOOK>
2013-06-25 10:12:46,697 INFO [org.hibernate.cfg.AnnotationBinder] - <Binding entity from annotated class: com.bupt.pcncad.domain.Course>
2013-06-25 10:12:46,697 INFO [org.hibernate.cfg.annotations.EntityBinder] - <Bind entity com.bupt.pcncad.domain.Course on table COURSE>
2013-06-25 10:12:46,705 INFO [org.hibernate.cfg.AnnotationBinder] - <Binding entity from annotated class: com.bupt.pcncad.domain.User>
2013-06-25 10:12:46,706 INFO [org.hibernate.cfg.annotations.EntityBinder] - <Bind entity com.bupt.pcncad.domain.User on table USER>
2013-06-25 10:12:46,730 INFO [org.hibernate.cfg.AnnotationBinder] - <Binding entity from annotated class: com.bupt.pcncad.domain.SubTopic>
2013-06-25 10:12:46,730 INFO [org.hibernate.cfg.annotations.EntityBinder] - <Bind entity com.bupt.pcncad.domain.SubTopic on table SUB_TOPIC>
2013-06-25 10:12:46,734 INFO [org.hibernate.cfg.AnnotationBinder] - <Binding entity from annotated class: com.bupt.pcncad.domain.ResourceComment>
2013-06-25 10:12:46,735 INFO [org.hibernate.cfg.annotations.EntityBinder] - <Bind entity com.bupt.pcncad.domain.ResourceComment on table RESOURCE_COMMENT>
2013-06-25 10:12:46,740 INFO [org.hibernate.cfg.AnnotationBinder] - <Binding entity from annotated class: com.bupt.pcncad.domain.Directory>
2013-06-25 10:12:46,740 INFO [org.hibernate.cfg.annotations.EntityBinder] - <Bind entity com.bupt.pcncad.domain.Directory on table DIRECTORY>
2013-06-25 10:12:46,744 INFO [org.hibernate.cfg.AnnotationBinder] - <Binding entity from annotated class: com.bupt.pcncad.domain.Major>
2013-06-25 10:12:46,744 INFO [org.hibernate.cfg.annotations.EntityBinder] - <Bind entity com.bupt.pcncad.domain.Major on table MAJOR>
2013-06-25 10:12:46,753 INFO [org.hibernate.cfg.AnnotationBinder] - <Binding entity from annotated class: com.bupt.pcncad.domain.Bulletin>
2013-06-25 10:12:46,754 INFO [org.hibernate.cfg.annotations.EntityBinder] - <Bind entity com.bupt.pcncad.domain.Bulletin on table BULLETIN>
2013-06-25 10:12:46,760 INFO [org.hibernate.cfg.AnnotationBinder] - <Binding entity from annotated class: com.bupt.pcncad.domain.Tag>
2013-06-25 10:12:46,761 INFO [org.hibernate.cfg.annotations.EntityBinder] - <Bind entity com.bupt.pcncad.domain.Tag on table TAG>
2013-06-25 10:12:46,768 INFO [org.hibernate.cfg.AnnotationBinder] - <Binding entity from annotated class: com.bupt.pcncad.domain.Invite>
2013-06-25 10:12:46,769 INFO [org.hibernate.cfg.annotations.EntityBinder] - <Bind entity com.bupt.pcncad.domain.Invite on table USER_FOLLOW_COURSE>
2013-06-25 10:12:46,802 INFO [org.hibernate.cfg.AnnotationBinder] - <Binding entity from annotated class: com.bupt.pcncad.domain.Community>
2013-06-25 10:12:46,803 INFO [org.hibernate.cfg.annotations.EntityBinder] - <Bind entity com.bupt.pcncad.domain.Community on table COMMUNITY>
2013-06-25 10:12:46,844 INFO [org.hibernate.cfg.annotations.CollectionBinder] - <Mapping collection: com.bupt.pcncad.domain.Community.topics -> TOPIC>
2013-06-25 10:12:46,847 INFO [org.hibernate.cfg.annotations.CollectionBinder] - <Mapping collection: com.bupt.pcncad.domain.Community.bulletins -> BULLETIN>
2013-06-25 10:12:46,848 INFO [org.hibernate.cfg.annotations.CollectionBinder] - <Mapping collection: com.bupt.pcncad.domain.Major.courses -> COURSE>
2013-06-25 10:12:46,852 INFO [org.hibernate.cfg.annotations.CollectionBinder] - <Mapping collection: com.bupt.pcncad.domain.Course.doubanJsons -> DoubanJson>
2013-06-25 10:12:46,853 INFO [org.hibernate.cfg.annotations.CollectionBinder] - <Mapping collection: com.bupt.pcncad.domain.Course.communities -> COMMUNITY>
2013-06-25 10:12:46,855 INFO [org.hibernate.cfg.annotations.CollectionBinder] - <Mapping collection: com.bupt.pcncad.domain.Academy.majors -> MAJOR>
2013-06-25 10:12:46,856 INFO [org.hibernate.cfg.annotations.CollectionBinder] - <Mapping collection: com.bupt.pcncad.domain.Topic.subTopicSet -> SUB_TOPIC>
2013-06-25 10:12:46,882 INFO [org.hibernate.cfg.Configuration] - <Hibernate Validator not found: ignoring>
2013-06-25 10:12:46,897 INFO [org.hibernate.cfg.search.HibernateSearchEventListenerRegister] - <Unable to find org.hibernate.search.event.FullTextIndexEventListener on the classpath. Hibernate Search is not enabled.>
2013-06-25 10:12:46,976 WARN [org.hibernate.mapping.RootClass] - <composite-id class does not override equals(): com.bupt.pcncad.domain.Invite>
2013-06-25 10:12:46,977 WARN [org.hibernate.mapping.RootClass] - <composite-id class does not override hashCode(): com.bupt.pcncad.domain.Invite>
2013-06-25 10:12:46,986 INFO [org.hibernate.connection.ConnectionProviderFactory] - <Initializing connection provider: org.springframework.orm.hibernate3.LocalDataSourceConnectionProvider>
2013-06-25 10:12:47,472 INFO [org.hibernate.dialect.Dialect] - <Using dialect: org.hibernate.dialect.MySQLDialect>
2013-06-25 10:12:47,493 INFO [org.hibernate.engine.jdbc.JdbcSupportLoader] - <Disabling contextual LOB creation as JDBC driver reported JDBC version [3] less than 4>
2013-06-25 10:12:47,494 INFO [org.hibernate.cfg.SettingsFactory] - <Database ->
       name : MySQL
    version : 5.5.24-0ubuntu0.12.04.1
      major : 5
      minor : 5>
2013-06-25 10:12:47,494 INFO [org.hibernate.cfg.SettingsFactory] - <Driver ->
       name : MySQL-AB JDBC Driver
    version : mysql-connector-java-5.1.9 ( Revision: ${svn.Revision} )
      major : 5
      minor : 1>
2013-06-25 10:12:47,497 INFO [org.hibernate.transaction.TransactionFactoryFactory] - <Transaction strategy: org.springframework.orm.hibernate3.SpringTransactionFactory>
2013-06-25 10:12:47,500 INFO [org.hibernate.transaction.TransactionManagerLookupFactory] - <No TransactionManagerLookup configured (in JTA environment, use of read-write or transactional second-level cache is not recommended)>
2013-06-25 10:12:47,500 INFO [org.hibernate.cfg.SettingsFactory] - <Automatic flush during beforeCompletion(): disabled>
2013-06-25 10:12:47,501 INFO [org.hibernate.cfg.SettingsFactory] - <Automatic session close at end of transaction: disabled>
2013-06-25 10:12:47,501 INFO [org.hibernate.cfg.SettingsFactory] - <JDBC batch size: 50>
2013-06-25 10:12:47,502 INFO [org.hibernate.cfg.SettingsFactory] - <JDBC batch updates for versioned data: disabled>
2013-06-25 10:12:47,503 INFO [org.hibernate.cfg.SettingsFactory] - <Scrollable result sets: enabled>
2013-06-25 10:12:47,503 INFO [org.hibernate.cfg.SettingsFactory] - <JDBC3 getGeneratedKeys(): enabled>
2013-06-25 10:12:47,503 INFO [org.hibernate.cfg.SettingsFactory] - <JDBC result set fetch size: 50>
2013-06-25 10:12:47,504 INFO [org.hibernate.cfg.SettingsFactory] - <Connection release mode: auto>
2013-06-25 10:12:47,504 INFO [org.hibernate.cfg.SettingsFactory] - <Maximum outer join fetch depth: 2>
2013-06-25 10:12:47,505 INFO [org.hibernate.cfg.SettingsFactory] - <Default batch fetch size: 1>
2013-06-25 10:12:47,505 INFO [org.hibernate.cfg.SettingsFactory] - <Generate SQL with comments: disabled>
2013-06-25 10:12:47,505 INFO [org.hibernate.cfg.SettingsFactory] - <Order SQL updates by primary key: disabled>
2013-06-25 10:12:47,506 INFO [org.hibernate.cfg.SettingsFactory] - <Order SQL inserts for batching: disabled>
2013-06-25 10:12:47,506 INFO [org.hibernate.cfg.SettingsFactory] - <Query translator: org.hibernate.hql.ast.ASTQueryTranslatorFactory>
2013-06-25 10:12:47,510 INFO [org.hibernate.hql.ast.ASTQueryTranslatorFactory] - <Using ASTQueryTranslatorFactory>
2013-06-25 10:12:47,510 INFO [org.hibernate.cfg.SettingsFactory] - <Query language substitutions: {}>
2013-06-25 10:12:47,511 INFO [org.hibernate.cfg.SettingsFactory] - <JPA-QL strict compliance: disabled>
2013-06-25 10:12:47,511 INFO [org.hibernate.cfg.SettingsFactory] - <Second-level cache: enabled>
2013-06-25 10:12:47,511 INFO [org.hibernate.cfg.SettingsFactory] - <Query cache: enabled>
2013-06-25 10:12:47,512 INFO [org.hibernate.cfg.SettingsFactory] - <Cache region factory : org.hibernate.cache.impl.bridge.RegionFactoryCacheProviderBridge>
2013-06-25 10:12:47,517 INFO [org.hibernate.cache.impl.bridge.RegionFactoryCacheProviderBridge] - <Cache provider: org.hibernate.cache.EhCacheProvider>
2013-06-25 10:12:47,526 INFO [org.hibernate.cfg.SettingsFactory] - <Optimize cache for minimal puts: disabled>
2013-06-25 10:12:47,526 INFO [org.hibernate.cfg.SettingsFactory] - <Structured second-level cache entries: disabled>
2013-06-25 10:12:47,527 INFO [org.hibernate.cfg.SettingsFactory] - <Query cache factory: org.hibernate.cache.StandardQueryCacheFactory>
2013-06-25 10:12:47,533 INFO [org.hibernate.cfg.SettingsFactory] - <Echoing all SQL to stdout>
2013-06-25 10:12:47,535 INFO [org.hibernate.cfg.SettingsFactory] - <Statistics: disabled>
2013-06-25 10:12:47,535 INFO [org.hibernate.cfg.SettingsFactory] - <Deleted entity synthetic identifier rollback: disabled>
2013-06-25 10:12:47,535 INFO [org.hibernate.cfg.SettingsFactory] - <Default entity-mode: pojo>
2013-06-25 10:12:47,536 INFO [org.hibernate.cfg.SettingsFactory] - <Named query checking : enabled>
2013-06-25 10:12:47,536 INFO [org.hibernate.cfg.SettingsFactory] - <Check Nullability in Core (should be disabled when Bean Validation is on): disabled>
2013-06-25 10:12:47,560 INFO [org.hibernate.impl.SessionFactoryImpl] - <building session factory>
2013-06-25 10:12:47,569 INFO [org.hibernate.type.BasicTypeRegistry] - <Type registration [characters_clob] overrides previous : org.hibernate.type.PrimitiveCharacterArrayClobType@396ed8>
2013-06-25 10:12:47,569 INFO [org.hibernate.type.BasicTypeRegistry] - <Type registration [materialized_clob] overrides previous : org.hibernate.type.MaterializedClobType@9c5842>
2013-06-25 10:12:47,569 INFO [org.hibernate.type.BasicTypeRegistry] - <Type registration [wrapper_characters_clob] overrides previous : org.hibernate.type.CharacterArrayClobType@668387>
2013-06-25 10:12:47,569 INFO [org.hibernate.type.BasicTypeRegistry] - <Type registration [materialized_blob] overrides previous : org.hibernate.type.MaterializedBlobType@453c47>
2013-06-25 10:12:47,570 INFO [org.hibernate.type.BasicTypeRegistry] - <Type registration [clob] overrides previous : org.hibernate.type.ClobType@1787005>
2013-06-25 10:12:47,570 INFO [org.hibernate.type.BasicTypeRegistry] - <Type registration [java.sql.Clob] overrides previous : org.hibernate.type.ClobType@1787005>
2013-06-25 10:12:47,570 INFO [org.hibernate.type.BasicTypeRegistry] - <Type registration [wrapper_materialized_blob] overrides previous : org.hibernate.type.WrappedMaterializedBlobType@29483>
2013-06-25 10:12:47,571 INFO [org.hibernate.type.BasicTypeRegistry] - <Type registration [blob] overrides previous : org.hibernate.type.BlobType@1644028>
2013-06-25 10:12:47,571 INFO [org.hibernate.type.BasicTypeRegistry] - <Type registration [java.sql.Blob] overrides previous : org.hibernate.type.BlobType@1644028>
2013-06-25 10:12:47,919 WARN [org.hibernate.id.UUIDHexGenerator] - <Using org.hibernate.id.UUIDHexGenerator which does not generate IETF RFC 4122 compliant UUID values; consider using org.hibernate.id.UUIDGenerator instead>
2013-06-25 10:12:48,137 WARN [org.hibernate.cache.EhCacheProvider] - <Could not find configuration [com.bupt.pcncad.domain.Academy]; using defaults.>
2013-06-25 10:12:48,140 WARN [org.hibernate.cache.impl.bridge.EntityRegionAdapter] - <read-only cache configured for mutable entity [com.bupt.pcncad.domain.Academy]>
2013-06-25 10:12:48,207 WARN [org.hibernate.cache.EhCacheProvider] - <Could not find configuration [com.bupt.pcncad.domain.Major]; using defaults.>
2013-06-25 10:12:48,208 WARN [org.hibernate.cache.impl.bridge.EntityRegionAdapter] - <read-only cache configured for mutable entity [com.bupt.pcncad.domain.Major]>
2013-06-25 10:12:48,545 INFO [org.hibernate.impl.SessionFactoryObjectFactory] - <Not binding factory to JNDI, no JNDI name configured>
2013-06-25 10:12:48,557 INFO [org.hibernate.tool.hbm2ddl.SchemaUpdate] - <Running hbm2ddl schema update>
2013-06-25 10:12:48,557 INFO [org.hibernate.tool.hbm2ddl.SchemaUpdate] - <fetching database metadata>
2013-06-25 10:12:48,559 INFO [org.hibernate.tool.hbm2ddl.SchemaUpdate] - <updating schema>
2013-06-25 10:12:48,586 INFO [org.hibernate.tool.hbm2ddl.TableMetadata] - <table found: BR.ACADEMY>
2013-06-25 10:12:48,587 INFO [org.hibernate.tool.hbm2ddl.TableMetadata] - <columns: [id, name]>
2013-06-25 10:12:48,587 INFO [org.hibernate.tool.hbm2ddl.TableMetadata] - <foreign keys: []>
2013-06-25 10:12:48,587 INFO [org.hibernate.tool.hbm2ddl.TableMetadata] - <indexes: [primary]>
2013-06-25 10:12:48,598 INFO [org.hibernate.tool.hbm2ddl.TableMetadata] - <table found: BR.BULLETIN>
2013-06-25 10:12:48,598 INFO [org.hibernate.tool.hbm2ddl.TableMetadata] - <columns: [content, id, pub_date, community_id]>
2013-06-25 10:12:48,598 INFO [org.hibernate.tool.hbm2ddl.TableMetadata] - <foreign keys: [fkde7f29a7df3410c9]>
2013-06-25 10:12:48,598 INFO [org.hibernate.tool.hbm2ddl.TableMetadata] - <indexes: [fkde7f29a7df3410c9, primary]>
2013-06-25 10:12:48,609 INFO [org.hibernate.tool.hbm2ddl.TableMetadata] - <table found: BR.COMMUNITY>
2013-06-25 10:12:48,609 INFO [org.hibernate.tool.hbm2ddl.TableMetadata] - <columns: [id, name, state, admin_id, course_id]>
2013-06-25 10:12:48,610 INFO [org.hibernate.tool.hbm2ddl.TableMetadata] - <foreign keys: [fk4ddd3fc9809bda8b, fk4ddd3fc9a1487ec7]>
2013-06-25 10:12:48,610 INFO [org.hibernate.tool.hbm2ddl.TableMetadata] - <indexes: [fk4ddd3fc9809bda8b, fk4ddd3fc9a1487ec7, primary]>
2013-06-25 10:12:48,621 INFO [org.hibernate.tool.hbm2ddl.TableMetadata] - <table found: BR.COMMUNITY_USER>
2013-06-25 10:12:48,621 INFO [org.hibernate.tool.hbm2ddl.TableMetadata] - <columns: [user_id, community_id]>
2013-06-25 10:12:48,622 INFO [org.hibernate.tool.hbm2ddl.TableMetadata] - <foreign keys: [fkb1f2d281df3410c9, fkb1f2d281d246f4cb]>
2013-06-25 10:12:48,622 INFO [org.hibernate.tool.hbm2ddl.TableMetadata] - <indexes: [primary, fkb1f2d281df3410c9, fkb1f2d281d246f4cb]>
2013-06-25 10:12:48,636 INFO [org.hibernate.tool.hbm2ddl.TableMetadata] - <table found: BR.COURSE>
2013-06-25 10:12:48,636 INFO [org.hibernate.tool.hbm2ddl.TableMetadata] - <columns: [id, term, major_id, name, search_keyword]>
2013-06-25 10:12:48,637 INFO [org.hibernate.tool.hbm2ddl.TableMetadata] - <foreign keys: [fk76d5d41b874bae49]>
2013-06-25 10:12:48,637 INFO [org.hibernate.tool.hbm2ddl.TableMetadata] - <indexes: [fk76d5d41b874bae49, primary]>
2013-06-25 10:12:48,645 INFO [org.hibernate.tool.hbm2ddl.TableMetadata] - <table found: BR.DIRECTORY>
2013-06-25 10:12:48,645 INFO [org.hibernate.tool.hbm2ddl.TableMetadata] - <columns: [id, dir_name, user_id]>
2013-06-25 10:12:48,646 INFO [org.hibernate.tool.hbm2ddl.TableMetadata] - <foreign keys: [fk6cb82e4dd246f4cb]>
2013-06-25 10:12:48,646 INFO [org.hibernate.tool.hbm2ddl.TableMetadata] - <indexes: [fk6cb82e4dd246f4cb, primary]>
2013-06-25 10:12:48,657 INFO [org.hibernate.tool.hbm2ddl.TableMetadata] - <table found: BR.DoubanJson>
2013-06-25 10:12:48,657 INFO [org.hibernate.tool.hbm2ddl.TableMetadata] - <columns: [summary, largepic, mediumpic, pub_date, smallpic, url, publisher, id, authors, title, price, translators, isbn10, alt, course_id]>
2013-06-25 10:12:48,657 INFO [org.hibernate.tool.hbm2ddl.TableMetadata] - <foreign keys: [fk92f1ed2d809bda8b]>
2013-06-25 10:12:48,658 INFO [org.hibernate.tool.hbm2ddl.TableMetadata] - <indexes: [primary, fk92f1ed2d809bda8b]>
2013-06-25 10:12:48,664 INFO [org.hibernate.tool.hbm2ddl.TableMetadata] - <table found: BR.GROUP_USER>
2013-06-25 10:12:48,665 INFO [org.hibernate.tool.hbm2ddl.TableMetadata] - <columns: [group_id, user_id]>
2013-06-25 10:12:48,665 INFO [org.hibernate.tool.hbm2ddl.TableMetadata] - <foreign keys: [fk6b1ec1abd246f4cb, fk6b1ec1aba3ddb089]>
2013-06-25 10:12:48,665 INFO [org.hibernate.tool.hbm2ddl.TableMetadata] - <indexes: [fk6b1ec1abd246f4cb, fk6b1ec1aba3ddb089, primary]>
2013-06-25 10:12:48,676 INFO [org.hibernate.tool.hbm2ddl.TableMetadata] - <table found: BR.HOT_BOOK>
2013-06-25 10:12:48,677 INFO [org.hibernate.tool.hbm2ddl.TableMetadata] - <columns: [img_url, tag, pub_date, pages, douban_id, chinese_name, publisher, id, author, lab_href, flag, price, description, isbn, binding, user_id, rating, english_name, douban_href]>
2013-06-25 10:12:48,677 INFO [org.hibernate.tool.hbm2ddl.TableMetadata] - <foreign keys: [fk1f11e7bbd246f4cb]>
2013-06-25 10:12:48,677 INFO [org.hibernate.tool.hbm2ddl.TableMetadata] - <indexes: [primary, fk1f11e7bbd246f4cb]>
2013-06-25 10:12:48,685 INFO [org.hibernate.tool.hbm2ddl.TableMetadata] - <table found: BR.MAJOR>
2013-06-25 10:12:48,685 INFO [org.hibernate.tool.hbm2ddl.TableMetadata] - <columns: [id, academy_id, name]>
2013-06-25 10:12:48,686 INFO [org.hibernate.tool.hbm2ddl.TableMetadata] - <foreign keys: [fk45bbd991e1a2da9]>
2013-06-25 10:12:48,686 INFO [org.hibernate.tool.hbm2ddl.TableMetadata] - <indexes: [fk45bbd991e1a2da9, primary]>
2013-06-25 10:12:48,693 INFO [org.hibernate.tool.hbm2ddl.TableMetadata] - <table found: BR.RATE>
2013-06-25 10:12:48,694 INFO [org.hibernate.tool.hbm2ddl.TableMetadata] - <columns: [id, resource_id, user_id, mark]>
2013-06-25 10:12:48,694 INFO [org.hibernate.tool.hbm2ddl.TableMetadata] - <foreign keys: [fk2644e0d246f4cb, fk2644e0193d896b]>
2013-06-25 10:12:48,694 INFO [org.hibernate.tool.hbm2ddl.TableMetadata] - <indexes: [primary, fk2644e0d246f4cb, fk2644e0193d896b]>
2013-06-25 10:12:48,704 INFO [org.hibernate.tool.hbm2ddl.TableMetadata] - <table found: BR.RESOURCE>
2013-06-25 10:12:48,704 INFO [org.hibernate.tool.hbm2ddl.TableMetadata] - <columns: [collect_times, resource_mark, resource_snapshot_path, id, upload_time, upload_user_id, category, description, key_words, resource_size, delete_flag, resource_type, resource_real_name, download_times, share_times]>
2013-06-25 10:12:48,705 INFO [org.hibernate.tool.hbm2ddl.TableMetadata] - <foreign keys: [fk1a51b40e3b31188d]>
2013-06-25 10:12:48,706 INFO [org.hibernate.tool.hbm2ddl.TableMetadata] - <indexes: [primary, fk1a51b40e3b31188d]>
2013-06-25 10:12:48,716 INFO [org.hibernate.tool.hbm2ddl.TableMetadata] - <table found: BR.RESOURCE_COMMENT>
2013-06-25 10:12:48,716 INFO [org.hibernate.tool.hbm2ddl.TableMetadata] - <columns: [content, id, resource_id, pub_user_id, pub_date]>
2013-06-25 10:12:48,716 INFO [org.hibernate.tool.hbm2ddl.TableMetadata] - <foreign keys: [fk631ce70eeaa80189, fk631ce70e193d896b]>
2013-06-25 10:12:48,716 INFO [org.hibernate.tool.hbm2ddl.TableMetadata] - <indexes: [fk631ce70eeaa80189, primary, fk631ce70e193d896b]>
2013-06-25 10:12:48,729 INFO [org.hibernate.tool.hbm2ddl.TableMetadata] - <table found: BR.RESOURCE_COURSE>
2013-06-25 10:12:48,729 INFO [org.hibernate.tool.hbm2ddl.TableMetadata] - <columns: [resource_id, course_id]>
2013-06-25 10:12:48,730 INFO [org.hibernate.tool.hbm2ddl.TableMetadata] - <foreign keys: [fkf2b2116c809bda8b, fkf2b2116c193d896b]>
2013-06-25 10:12:48,730 INFO [org.hibernate.tool.hbm2ddl.TableMetadata] - <indexes: [primary, fkf2b2116c809bda8b, fkf2b2116c193d896b]>
2013-06-25 10:12:48,741 INFO [org.hibernate.tool.hbm2ddl.TableMetadata] - <table found: BR.SUB_TOPIC>
2013-06-25 10:12:48,742 INFO [org.hibernate.tool.hbm2ddl.TableMetadata] - <columns: [content, id, pub_date, author_id, reply_topic_id]>
2013-06-25 10:12:48,742 INFO [org.hibernate.tool.hbm2ddl.TableMetadata] - <foreign keys: [fkda30623032ffe70b, fkda306230a61ab83e]>
2013-06-25 10:12:48,742 INFO [org.hibernate.tool.hbm2ddl.TableMetadata] - <indexes: [fkda30623032ffe70b, primary, fkda306230a61ab83e]>
2013-06-25 10:12:48,752 INFO [org.hibernate.tool.hbm2ddl.TableMetadata] - <table found: BR.TAG>
2013-06-25 10:12:48,752 INFO [org.hibernate.tool.hbm2ddl.TableMetadata] - <columns: [id, tag_name, reference_times]>
2013-06-25 10:12:48,753 INFO [org.hibernate.tool.hbm2ddl.TableMetadata] - <foreign keys: []>
2013-06-25 10:12:48,753 INFO [org.hibernate.tool.hbm2ddl.TableMetadata] - <indexes: [primary]>
2013-06-25 10:12:48,760 INFO [org.hibernate.tool.hbm2ddl.TableMetadata] - <table found: BR.TAG_RESOURCE>
2013-06-25 10:12:48,760 INFO [org.hibernate.tool.hbm2ddl.TableMetadata] - <columns: [resource_id, tag_id]>
2013-06-25 10:12:48,761 INFO [org.hibernate.tool.hbm2ddl.TableMetadata] - <foreign keys: [fk3470eb33e30e5669, fk3470eb33193d896b]>
2013-06-25 10:12:48,761 INFO [org.hibernate.tool.hbm2ddl.TableMetadata] - <indexes: [fk3470eb33e30e5669, fk3470eb33193d896b, primary]>
2013-06-25 10:12:48,768 INFO [org.hibernate.tool.hbm2ddl.TableMetadata] - <table found: BR.TOPIC>
2013-06-25 10:12:48,769 INFO [org.hibernate.tool.hbm2ddl.TableMetadata] - <columns: [content, id, title, pub_date, delete_flag, author_id, community_id]>
2013-06-25 10:12:48,769 INFO [org.hibernate.tool.hbm2ddl.TableMetadata] - <foreign keys: [fk4c4d50f32ffe70b, fk4c4d50fdf3410c9]>
2013-06-25 10:12:48,769 INFO [org.hibernate.tool.hbm2ddl.TableMetadata] - <indexes: [primary, fk4c4d50f32ffe70b, fk4c4d50fdf3410c9]>
2013-06-25 10:12:48,843 INFO [org.hibernate.tool.hbm2ddl.TableMetadata] - <table found: BR.USER>
2013-06-25 10:12:48,843 INFO [org.hibernate.tool.hbm2ddl.TableMetadata] - <columns: [user_gender, id, user_name, first_login_time, state, role, user_teleph, user_password, user_birth, user_id, user_email, activity]>
2013-06-25 10:12:48,844 INFO [org.hibernate.tool.hbm2ddl.TableMetadata] - <foreign keys: []>
2013-06-25 10:12:48,844 INFO [org.hibernate.tool.hbm2ddl.TableMetadata] - <indexes: [primary]>
2013-06-25 10:12:48,852 INFO [org.hibernate.tool.hbm2ddl.TableMetadata] - <table found: BR.USER_COLLECT_RESOURCE>
2013-06-25 10:12:48,853 INFO [org.hibernate.tool.hbm2ddl.TableMetadata] - <columns: [resource_id, user_id]>
2013-06-25 10:12:48,853 INFO [org.hibernate.tool.hbm2ddl.TableMetadata] - <foreign keys: [fk901f3197d246f4cb, fk901f3197193d896b]>
2013-06-25 10:12:48,853 INFO [org.hibernate.tool.hbm2ddl.TableMetadata] - <indexes: [fk901f3197d246f4cb, fk901f3197193d896b, primary]>
2013-06-25 10:12:48,861 INFO [org.hibernate.tool.hbm2ddl.TableMetadata] - <table found: BR.USER_DOWNLOAD_RESOURCE>
2013-06-25 10:12:48,861 INFO [org.hibernate.tool.hbm2ddl.TableMetadata] - <columns: [resource_id, user_id]>
2013-06-25 10:12:48,862 INFO [org.hibernate.tool.hbm2ddl.TableMetadata] - <foreign keys: [fk659cd671193d896b, fk659cd671d246f4cb]>
2013-06-25 10:12:48,862 INFO [org.hibernate.tool.hbm2ddl.TableMetadata] - <indexes: [primary, fk659cd671193d896b, fk659cd671d246f4cb]>
2013-06-25 10:12:48,870 INFO [org.hibernate.tool.hbm2ddl.TableMetadata] - <table found: BR.USER_FOLLOW_COURSE>
2013-06-25 10:12:48,870 INFO [org.hibernate.tool.hbm2ddl.TableMetadata] - <columns: [invite, in_community, user_id, course_id, community_id]>
2013-06-25 10:12:48,871 INFO [org.hibernate.tool.hbm2ddl.TableMetadata] - <foreign keys: [fk49ac7ef5809bda8b, fk49ac7ef5d246f4cb]>
2013-06-25 10:12:48,871 INFO [org.hibernate.tool.hbm2ddl.TableMetadata] - <indexes: [fk49ac7ef5809bda8b, primary, fk49ac7ef5d246f4cb]>
2013-06-25 10:12:48,881 INFO [org.hibernate.tool.hbm2ddl.TableMetadata] - <table found: BR.USER_FOLLOW_MAJOR>
2013-06-25 10:12:48,882 INFO [org.hibernate.tool.hbm2ddl.TableMetadata] - <columns: [major_id, user_id]>
2013-06-25 10:12:48,882 INFO [org.hibernate.tool.hbm2ddl.TableMetadata] - <foreign keys: [fk44f74f7fd246f4cb, fk44f74f7f874bae49]>
2013-06-25 10:12:48,882 INFO [org.hibernate.tool.hbm2ddl.TableMetadata] - <indexes: [primary, fk44f74f7fd246f4cb, fk44f74f7f874bae49]>
2013-06-25 10:12:48,889 INFO [org.hibernate.tool.hbm2ddl.TableMetadata] - <table found: BR.USER_SHARE_RESOURCE>
2013-06-25 10:12:48,889 INFO [org.hibernate.tool.hbm2ddl.TableMetadata] - <columns: [resource_id, user_id]>
2013-06-25 10:12:48,889 INFO [org.hibernate.tool.hbm2ddl.TableMetadata] - <foreign keys: [fk486def82193d896b, fk486def82d246f4cb]>
2013-06-25 10:12:48,890 INFO [org.hibernate.tool.hbm2ddl.TableMetadata] - <indexes: [primary, fk486def82193d896b, fk486def82d246f4cb]>
2013-06-25 10:12:48,898 INFO [org.hibernate.tool.hbm2ddl.TableMetadata] - <table found: BR.USER_TAG>
2013-06-25 10:12:48,899 INFO [org.hibernate.tool.hbm2ddl.TableMetadata] - <columns: [user_id, tag_id]>
2013-06-25 10:12:48,899 INFO [org.hibernate.tool.hbm2ddl.TableMetadata] - <foreign keys: [fk1ed77906e30e5669, fk1ed77906d246f4cb]>
2013-06-25 10:12:48,899 INFO [org.hibernate.tool.hbm2ddl.TableMetadata] - <indexes: [primary, fk1ed77906e30e5669, fk1ed77906d246f4cb]>
2013-06-25 10:12:48,911 INFO [org.hibernate.tool.hbm2ddl.TableMetadata] - <table found: BR.GROUP>
2013-06-25 10:12:48,911 INFO [org.hibernate.tool.hbm2ddl.TableMetadata] - <columns: [group_name, id, description, group_users_count, group_admin_id]>
2013-06-25 10:12:48,912 INFO [org.hibernate.tool.hbm2ddl.TableMetadata] - <foreign keys: [fk40efe5ffff09887]>
2013-06-25 10:12:48,912 INFO [org.hibernate.tool.hbm2ddl.TableMetadata] - <indexes: [fk40efe5ffff09887, primary]>
2013-06-25 10:12:48,914 INFO [org.hibernate.tool.hbm2ddl.SchemaUpdate] - <schema update complete>
2013-06-25 10:12:48,920 INFO [org.hibernate.cache.UpdateTimestampsCache] - <starting update timestamps cache at region: org.hibernate.cache.UpdateTimestampsCache>
2013-06-25 10:12:48,922 WARN [org.hibernate.cache.EhCacheProvider] - <Could not find configuration [org.hibernate.cache.UpdateTimestampsCache]; using defaults.>
2013-06-25 10:12:48,925 INFO [org.hibernate.cache.StandardQueryCache] - <starting query cache at region: org.hibernate.cache.StandardQueryCache>
2013-06-25 10:12:48,926 WARN [org.hibernate.cache.EhCacheProvider] - <Could not find configuration [org.hibernate.cache.StandardQueryCache]; using defaults.>
2013-06-25 10:12:52,998 INFO [org.hibernate.impl.SessionFactoryImpl] - <closing>
2013-06-25 10:30:15,409 INFO [org.hibernate.annotations.common.Version] - <Hibernate Commons Annotations 3.2.0.Final>
2013-06-25 10:30:15,422 INFO [org.hibernate.cfg.Environment] - <Hibernate 3.6.9.Final>
2013-06-25 10:30:15,426 INFO [org.hibernate.cfg.Environment] - <hibernate.properties not found>
2013-06-25 10:30:15,434 INFO [org.hibernate.cfg.Environment] - <Bytecode provider name : javassist>
2013-06-25 10:30:15,443 INFO [org.hibernate.cfg.Environment] - <using JDK 1.4 java.sql.Timestamp handling>
2013-06-25 10:30:15,807 INFO [org.hibernate.cfg.AnnotationBinder] - <Binding entity from annotated class: com.bupt.pcncad.domain.Topic>
2013-06-25 10:30:15,902 INFO [org.hibernate.cfg.annotations.EntityBinder] - <Bind entity com.bupt.pcncad.domain.Topic on table TOPIC>
2013-06-25 10:30:16,150 INFO [org.hibernate.cfg.AnnotationBinder] - <Binding entity from annotated class: com.bupt.pcncad.domain.Academy>
2013-06-25 10:30:16,152 INFO [org.hibernate.cfg.annotations.EntityBinder] - <Bind entity com.bupt.pcncad.domain.Academy on table ACADEMY>
2013-06-25 10:30:16,158 INFO [org.hibernate.cfg.AnnotationBinder] - <Binding entity from annotated class: com.bupt.pcncad.domain.Group>
2013-06-25 10:30:16,160 INFO [org.hibernate.cfg.annotations.EntityBinder] - <Bind entity com.bupt.pcncad.domain.Group on table GROUP>
2013-06-25 10:30:16,189 INFO [org.hibernate.cfg.AnnotationBinder] - <Binding entity from annotated class: com.bupt.pcncad.domain.Resource>
2013-06-25 10:30:16,191 INFO [org.hibernate.cfg.annotations.EntityBinder] - <Bind entity com.bupt.pcncad.domain.Resource on table RESOURCE>
2013-06-25 10:30:16,224 INFO [org.hibernate.cfg.AnnotationBinder] - <Binding entity from annotated class: com.bupt.pcncad.domain.Rate>
2013-06-25 10:30:16,225 INFO [org.hibernate.cfg.annotations.EntityBinder] - <Bind entity com.bupt.pcncad.domain.Rate on table RATE>
2013-06-25 10:30:16,235 INFO [org.hibernate.cfg.AnnotationBinder] - <Binding entity from annotated class: com.bupt.pcncad.domain.DoubanJson>
2013-06-25 10:30:16,236 INFO [org.hibernate.cfg.annotations.EntityBinder] - <Bind entity com.bupt.pcncad.domain.DoubanJson on table DoubanJson>
2013-06-25 10:30:16,265 INFO [org.hibernate.cfg.AnnotationBinder] - <Binding entity from annotated class: com.bupt.pcncad.domain.HotBook>
2013-06-25 10:30:16,267 INFO [org.hibernate.cfg.annotations.EntityBinder] - <Bind entity com.bupt.pcncad.domain.HotBook on table HOT_BOOK>
2013-06-25 10:30:16,283 INFO [org.hibernate.cfg.AnnotationBinder] - <Binding entity from annotated class: com.bupt.pcncad.domain.Course>
2013-06-25 10:30:16,284 INFO [org.hibernate.cfg.annotations.EntityBinder] - <Bind entity com.bupt.pcncad.domain.Course on table COURSE>
2013-06-25 10:30:16,298 INFO [org.hibernate.cfg.AnnotationBinder] - <Binding entity from annotated class: com.bupt.pcncad.domain.User>
2013-06-25 10:30:16,299 INFO [org.hibernate.cfg.annotations.EntityBinder] - <Bind entity com.bupt.pcncad.domain.User on table USER>
2013-06-25 10:30:16,367 INFO [org.hibernate.cfg.AnnotationBinder] - <Binding entity from annotated class: com.bupt.pcncad.domain.SubTopic>
2013-06-25 10:30:16,369 INFO [org.hibernate.cfg.annotations.EntityBinder] - <Bind entity com.bupt.pcncad.domain.SubTopic on table SUB_TOPIC>
2013-06-25 10:30:16,377 INFO [org.hibernate.cfg.AnnotationBinder] - <Binding entity from annotated class: com.bupt.pcncad.domain.ResourceComment>
2013-06-25 10:30:16,379 INFO [org.hibernate.cfg.annotations.EntityBinder] - <Bind entity com.bupt.pcncad.domain.ResourceComment on table RESOURCE_COMMENT>
2013-06-25 10:30:16,386 INFO [org.hibernate.cfg.AnnotationBinder] - <Binding entity from annotated class: com.bupt.pcncad.domain.Directory>
2013-06-25 10:30:16,387 INFO [org.hibernate.cfg.annotations.EntityBinder] - <Bind entity com.bupt.pcncad.domain.Directory on table DIRECTORY>
2013-06-25 10:30:16,393 INFO [org.hibernate.cfg.AnnotationBinder] - <Binding entity from annotated class: com.bupt.pcncad.domain.Major>
2013-06-25 10:30:16,394 INFO [org.hibernate.cfg.annotations.EntityBinder] - <Bind entity com.bupt.pcncad.domain.Major on table MAJOR>
2013-06-25 10:30:16,415 INFO [org.hibernate.cfg.AnnotationBinder] - <Binding entity from annotated class: com.bupt.pcncad.domain.Bulletin>
2013-06-25 10:30:16,416 INFO [org.hibernate.cfg.annotations.EntityBinder] - <Bind entity com.bupt.pcncad.domain.Bulletin on table BULLETIN>
2013-06-25 10:30:16,432 INFO [org.hibernate.cfg.AnnotationBinder] - <Binding entity from annotated class: com.bupt.pcncad.domain.Tag>
2013-06-25 10:30:16,433 INFO [org.hibernate.cfg.annotations.EntityBinder] - <Bind entity com.bupt.pcncad.domain.Tag on table TAG>
2013-06-25 10:30:16,442 INFO [org.hibernate.cfg.AnnotationBinder] - <Binding entity from annotated class: com.bupt.pcncad.domain.Invite>
2013-06-25 10:30:16,443 INFO [org.hibernate.cfg.annotations.EntityBinder] - <Bind entity com.bupt.pcncad.domain.Invite on table USER_FOLLOW_COURSE>
2013-06-25 10:30:16,477 INFO [org.hibernate.cfg.AnnotationBinder] - <Binding entity from annotated class: com.bupt.pcncad.domain.Community>
2013-06-25 10:30:16,482 INFO [org.hibernate.cfg.annotations.EntityBinder] - <Bind entity com.bupt.pcncad.domain.Community on table COMMUNITY>
2013-06-25 10:30:16,526 INFO [org.hibernate.cfg.annotations.CollectionBinder] - <Mapping collection: com.bupt.pcncad.domain.Community.topics -> TOPIC>
2013-06-25 10:30:16,530 INFO [org.hibernate.cfg.annotations.CollectionBinder] - <Mapping collection: com.bupt.pcncad.domain.Community.bulletins -> BULLETIN>
2013-06-25 10:30:16,530 INFO [org.hibernate.cfg.annotations.CollectionBinder] - <Mapping collection: com.bupt.pcncad.domain.Major.courses -> COURSE>
2013-06-25 10:30:16,535 INFO [org.hibernate.cfg.annotations.CollectionBinder] - <Mapping collection: com.bupt.pcncad.domain.Course.doubanJsons -> DoubanJson>
2013-06-25 10:30:16,548 INFO [org.hibernate.cfg.annotations.CollectionBinder] - <Mapping collection: com.bupt.pcncad.domain.Course.communities -> COMMUNITY>
2013-06-25 10:30:16,550 INFO [org.hibernate.cfg.annotations.CollectionBinder] - <Mapping collection: com.bupt.pcncad.domain.Academy.majors -> MAJOR>
2013-06-25 10:30:16,551 INFO [org.hibernate.cfg.annotations.CollectionBinder] - <Mapping collection: com.bupt.pcncad.domain.Topic.subTopicSet -> SUB_TOPIC>
2013-06-25 10:30:16,601 INFO [org.hibernate.cfg.Configuration] - <Hibernate Validator not found: ignoring>
2013-06-25 10:30:16,649 INFO [org.hibernate.cfg.search.HibernateSearchEventListenerRegister] - <Unable to find org.hibernate.search.event.FullTextIndexEventListener on the classpath. Hibernate Search is not enabled.>
2013-06-25 10:30:16,839 WARN [org.hibernate.mapping.RootClass] - <composite-id class does not override equals(): com.bupt.pcncad.domain.Invite>
2013-06-25 10:30:16,840 WARN [org.hibernate.mapping.RootClass] - <composite-id class does not override hashCode(): com.bupt.pcncad.domain.Invite>
2013-06-25 10:30:16,849 INFO [org.hibernate.connection.ConnectionProviderFactory] - <Initializing connection provider: org.springframework.orm.hibernate3.LocalDataSourceConnectionProvider>
2013-06-25 10:30:18,311 INFO [org.hibernate.dialect.Dialect] - <Using dialect: org.hibernate.dialect.MySQLDialect>
2013-06-25 10:30:18,340 INFO [org.hibernate.engine.jdbc.JdbcSupportLoader] - <Disabling contextual LOB creation as JDBC driver reported JDBC version [3] less than 4>
2013-06-25 10:30:18,341 INFO [org.hibernate.cfg.SettingsFactory] - <Database ->
       name : MySQL
    version : 5.1.61
      major : 5
      minor : 1>
2013-06-25 10:30:18,341 INFO [org.hibernate.cfg.SettingsFactory] - <Driver ->
       name : MySQL-AB JDBC Driver
    version : mysql-connector-java-5.1.9 ( Revision: ${svn.Revision} )
      major : 5
      minor : 1>
2013-06-25 10:30:18,344 INFO [org.hibernate.transaction.TransactionFactoryFactory] - <Transaction strategy: org.springframework.orm.hibernate3.SpringTransactionFactory>
2013-06-25 10:30:18,347 INFO [org.hibernate.transaction.TransactionManagerLookupFactory] - <No TransactionManagerLookup configured (in JTA environment, use of read-write or transactional second-level cache is not recommended)>
2013-06-25 10:30:18,348 INFO [org.hibernate.cfg.SettingsFactory] - <Automatic flush during beforeCompletion(): disabled>
2013-06-25 10:30:18,348 INFO [org.hibernate.cfg.SettingsFactory] - <Automatic session close at end of transaction: disabled>
2013-06-25 10:30:18,349 INFO [org.hibernate.cfg.SettingsFactory] - <JDBC batch size: 50>
2013-06-25 10:30:18,349 INFO [org.hibernate.cfg.SettingsFactory] - <JDBC batch updates for versioned data: disabled>
2013-06-25 10:30:18,350 INFO [org.hibernate.cfg.SettingsFactory] - <Scrollable result sets: enabled>
2013-06-25 10:30:18,351 INFO [org.hibernate.cfg.SettingsFactory] - <JDBC3 getGeneratedKeys(): enabled>
2013-06-25 10:30:18,351 INFO [org.hibernate.cfg.SettingsFactory] - <JDBC result set fetch size: 50>
2013-06-25 10:30:18,352 INFO [org.hibernate.cfg.SettingsFactory] - <Connection release mode: auto>
2013-06-25 10:30:18,353 INFO [org.hibernate.cfg.SettingsFactory] - <Maximum outer join fetch depth: 2>
2013-06-25 10:30:18,354 INFO [org.hibernate.cfg.SettingsFactory] - <Default batch fetch size: 1>
2013-06-25 10:30:18,354 INFO [org.hibernate.cfg.SettingsFactory] - <Generate SQL with comments: disabled>
2013-06-25 10:30:18,355 INFO [org.hibernate.cfg.SettingsFactory] - <Order SQL updates by primary key: disabled>
2013-06-25 10:30:18,355 INFO [org.hibernate.cfg.SettingsFactory] - <Order SQL inserts for batching: disabled>
2013-06-25 10:30:18,355 INFO [org.hibernate.cfg.SettingsFactory] - <Query translator: org.hibernate.hql.ast.ASTQueryTranslatorFactory>
2013-06-25 10:30:18,359 INFO [org.hibernate.hql.ast.ASTQueryTranslatorFactory] - <Using ASTQueryTranslatorFactory>
2013-06-25 10:30:18,360 INFO [org.hibernate.cfg.SettingsFactory] - <Query language substitutions: {}>
2013-06-25 10:30:18,360 INFO [org.hibernate.cfg.SettingsFactory] - <JPA-QL strict compliance: disabled>
2013-06-25 10:30:18,360 INFO [org.hibernate.cfg.SettingsFactory] - <Second-level cache: enabled>
2013-06-25 10:30:18,361 INFO [org.hibernate.cfg.SettingsFactory] - <Query cache: enabled>
2013-06-25 10:30:18,362 INFO [org.hibernate.cfg.SettingsFactory] - <Cache region factory : org.hibernate.cache.impl.bridge.RegionFactoryCacheProviderBridge>
2013-06-25 10:30:18,370 INFO [org.hibernate.cache.impl.bridge.RegionFactoryCacheProviderBridge] - <Cache provider: org.hibernate.cache.EhCacheProvider>
2013-06-25 10:30:18,377 INFO [org.hibernate.cfg.SettingsFactory] - <Optimize cache for minimal puts: disabled>
2013-06-25 10:30:18,377 INFO [org.hibernate.cfg.SettingsFactory] - <Structured second-level cache entries: disabled>
2013-06-25 10:30:18,378 INFO [org.hibernate.cfg.SettingsFactory] - <Query cache factory: org.hibernate.cache.StandardQueryCacheFactory>
2013-06-25 10:30:18,390 INFO [org.hibernate.cfg.SettingsFactory] - <Statistics: disabled>
2013-06-25 10:30:18,391 INFO [org.hibernate.cfg.SettingsFactory] - <Deleted entity synthetic identifier rollback: disabled>
2013-06-25 10:30:18,391 INFO [org.hibernate.cfg.SettingsFactory] - <Default entity-mode: pojo>
2013-06-25 10:30:18,391 INFO [org.hibernate.cfg.SettingsFactory] - <Named query checking : enabled>
2013-06-25 10:30:18,392 INFO [org.hibernate.cfg.SettingsFactory] - <Check Nullability in Core (should be disabled when Bean Validation is on): disabled>
2013-06-25 10:30:18,426 INFO [org.hibernate.impl.SessionFactoryImpl] - <building session factory>
2013-06-25 10:30:18,438 INFO [org.hibernate.type.BasicTypeRegistry] - <Type registration [materialized_clob] overrides previous : org.hibernate.type.MaterializedClobType@1ba5016>
2013-06-25 10:30:18,439 INFO [org.hibernate.type.BasicTypeRegistry] - <Type registration [clob] overrides previous : org.hibernate.type.ClobType@dfd643>
2013-06-25 10:30:18,439 INFO [org.hibernate.type.BasicTypeRegistry] - <Type registration [java.sql.Clob] overrides previous : org.hibernate.type.ClobType@dfd643>
2013-06-25 10:30:18,439 INFO [org.hibernate.type.BasicTypeRegistry] - <Type registration [materialized_blob] overrides previous : org.hibernate.type.MaterializedBlobType@16be7ee>
2013-06-25 10:30:18,440 INFO [org.hibernate.type.BasicTypeRegistry] - <Type registration [blob] overrides previous : org.hibernate.type.BlobType@147c01d>
2013-06-25 10:30:18,440 INFO [org.hibernate.type.BasicTypeRegistry] - <Type registration [java.sql.Blob] overrides previous : org.hibernate.type.BlobType@147c01d>
2013-06-25 10:30:18,441 INFO [org.hibernate.type.BasicTypeRegistry] - <Type registration [wrapper_materialized_blob] overrides previous : org.hibernate.type.WrappedMaterializedBlobType@195ddb5>
2013-06-25 10:30:18,441 INFO [org.hibernate.type.BasicTypeRegistry] - <Type registration [characters_clob] overrides previous : org.hibernate.type.PrimitiveCharacterArrayClobType@ed262>
2013-06-25 10:30:18,442 INFO [org.hibernate.type.BasicTypeRegistry] - <Type registration [wrapper_characters_clob] overrides previous : org.hibernate.type.CharacterArrayClobType@11641cf>
2013-06-25 10:30:18,757 WARN [org.hibernate.id.UUIDHexGenerator] - <Using org.hibernate.id.UUIDHexGenerator which does not generate IETF RFC 4122 compliant UUID values; consider using org.hibernate.id.UUIDGenerator instead>
2013-06-25 10:30:19,037 WARN [org.hibernate.cache.EhCacheProvider] - <Could not find configuration [com.bupt.pcncad.domain.Academy]; using defaults.>
2013-06-25 10:30:19,043 WARN [org.hibernate.cache.impl.bridge.EntityRegionAdapter] - <read-only cache configured for mutable entity [com.bupt.pcncad.domain.Academy]>
2013-06-25 10:30:19,112 WARN [org.hibernate.cache.EhCacheProvider] - <Could not find configuration [com.bupt.pcncad.domain.Major]; using defaults.>
2013-06-25 10:30:19,113 WARN [org.hibernate.cache.impl.bridge.EntityRegionAdapter] - <read-only cache configured for mutable entity [com.bupt.pcncad.domain.Major]>
2013-06-25 10:30:19,500 INFO [org.hibernate.impl.SessionFactoryObjectFactory] - <Not binding factory to JNDI, no JNDI name configured>
2013-06-25 10:30:19,514 INFO [org.hibernate.tool.hbm2ddl.SchemaUpdate] - <Running hbm2ddl schema update>
2013-06-25 10:30:19,515 INFO [org.hibernate.tool.hbm2ddl.SchemaUpdate] - <fetching database metadata>
2013-06-25 10:30:19,528 INFO [org.hibernate.tool.hbm2ddl.SchemaUpdate] - <updating schema>
2013-06-25 10:30:19,682 INFO [org.hibernate.tool.hbm2ddl.TableMetadata] - <table found: br_test.ACADEMY>
2013-06-25 10:30:19,683 INFO [org.hibernate.tool.hbm2ddl.TableMetadata] - <columns: [id, name]>
2013-06-25 10:30:19,684 INFO [org.hibernate.tool.hbm2ddl.TableMetadata] - <foreign keys: []>
2013-06-25 10:30:19,684 INFO [org.hibernate.tool.hbm2ddl.TableMetadata] - <indexes: [primary]>
2013-06-25 10:30:19,800 INFO [org.hibernate.tool.hbm2ddl.TableMetadata] - <table found: br_test.BULLETIN>
2013-06-25 10:30:19,801 INFO [org.hibernate.tool.hbm2ddl.TableMetadata] - <columns: [content, id, pub_date, community_id]>
2013-06-25 10:30:19,801 INFO [org.hibernate.tool.hbm2ddl.TableMetadata] - <foreign keys: [fkde7f29a7df3410c9]>
2013-06-25 10:30:19,801 INFO [org.hibernate.tool.hbm2ddl.TableMetadata] - <indexes: [fkde7f29a7df3410c9, primary]>
2013-06-25 10:30:19,929 INFO [org.hibernate.tool.hbm2ddl.TableMetadata] - <table found: br_test.COMMUNITY>
2013-06-25 10:30:19,929 INFO [org.hibernate.tool.hbm2ddl.TableMetadata] - <columns: [id, name, state, admin_id, course_id]>
2013-06-25 10:30:19,929 INFO [org.hibernate.tool.hbm2ddl.TableMetadata] - <foreign keys: [fk4ddd3fc9809bda8b, fk4ddd3fc9a1487ec7]>
2013-06-25 10:30:19,929 INFO [org.hibernate.tool.hbm2ddl.TableMetadata] - <indexes: [fk4ddd3fc9809bda8b, fk4ddd3fc9a1487ec7, primary]>
2013-06-25 10:30:19,993 INFO [org.hibernate.tool.hbm2ddl.TableMetadata] - <table found: br_test.COMMUNITY_USER>
2013-06-25 10:30:19,994 INFO [org.hibernate.tool.hbm2ddl.TableMetadata] - <columns: [user_id, community_id]>
2013-06-25 10:30:19,994 INFO [org.hibernate.tool.hbm2ddl.TableMetadata] - <foreign keys: [fkb1f2d281df3410c9, fkb1f2d281d246f4cb]>
2013-06-25 10:30:19,994 INFO [org.hibernate.tool.hbm2ddl.TableMetadata] - <indexes: [primary, fkb1f2d281df3410c9, fkb1f2d281d246f4cb]>
2013-06-25 10:30:20,062 INFO [org.hibernate.tool.hbm2ddl.TableMetadata] - <table found: br_test.COURSE>
2013-06-25 10:30:20,063 INFO [org.hibernate.tool.hbm2ddl.TableMetadata] - <columns: [id, term, major_id, name, search_keyword]>
2013-06-25 10:30:20,063 INFO [org.hibernate.tool.hbm2ddl.TableMetadata] - <foreign keys: [fk76d5d41b874bae49]>
2013-06-25 10:30:20,063 INFO [org.hibernate.tool.hbm2ddl.TableMetadata] - <indexes: [fk76d5d41b874bae49, primary]>
2013-06-25 10:30:20,117 INFO [org.hibernate.tool.hbm2ddl.TableMetadata] - <table found: br_test.DIRECTORY>
2013-06-25 10:30:20,118 INFO [org.hibernate.tool.hbm2ddl.TableMetadata] - <columns: [id, dir_name, user_id]>
2013-06-25 10:30:20,118 INFO [org.hibernate.tool.hbm2ddl.TableMetadata] - <foreign keys: [fk6cb82e4dd246f4cb]>
2013-06-25 10:30:20,118 INFO [org.hibernate.tool.hbm2ddl.TableMetadata] - <indexes: [fk6cb82e4dd246f4cb, primary]>
2013-06-25 10:30:20,179 INFO [org.hibernate.tool.hbm2ddl.TableMetadata] - <table found: br_test.DoubanJson>
2013-06-25 10:30:20,180 INFO [org.hibernate.tool.hbm2ddl.TableMetadata] - <columns: [summary, largepic, mediumpic, pub_date, smallpic, url, publisher, id, authors, title, price, translators, isbn10, alt, course_id]>
2013-06-25 10:30:20,180 INFO [org.hibernate.tool.hbm2ddl.TableMetadata] - <foreign keys: [fk92f1ed2d809bda8b]>
2013-06-25 10:30:20,181 INFO [org.hibernate.tool.hbm2ddl.TableMetadata] - <indexes: [primary, fk92f1ed2d809bda8b]>
2013-06-25 10:30:20,218 INFO [org.hibernate.tool.hbm2ddl.TableMetadata] - <table found: br_test.GROUP_USER>
2013-06-25 10:30:20,218 INFO [org.hibernate.tool.hbm2ddl.TableMetadata] - <columns: [group_id, user_id]>
2013-06-25 10:30:20,219 INFO [org.hibernate.tool.hbm2ddl.TableMetadata] - <foreign keys: [fk6b1ec1abd246f4cb, fk6b1ec1aba3ddb089]>
2013-06-25 10:30:20,219 INFO [org.hibernate.tool.hbm2ddl.TableMetadata] - <indexes: [fk6b1ec1abd246f4cb, fk6b1ec1aba3ddb089, primary]>
2013-06-25 10:30:20,346 INFO [org.hibernate.tool.hbm2ddl.TableMetadata] - <table found: br_test.HOT_BOOK>
2013-06-25 10:30:20,346 INFO [org.hibernate.tool.hbm2ddl.TableMetadata] - <columns: [img_url, tag, pub_date, pages, douban_id, chinese_name, publisher, id, author, lab_href, price, flag, description, isbn, binding, user_id, rating, english_name, douban_href]>
2013-06-25 10:30:20,347 INFO [org.hibernate.tool.hbm2ddl.TableMetadata] - <foreign keys: [fk1f11e7bbd246f4cb]>
2013-06-25 10:30:20,347 INFO [org.hibernate.tool.hbm2ddl.TableMetadata] - <indexes: [primary, fk1f11e7bbd246f4cb]>
2013-06-25 10:30:20,404 INFO [org.hibernate.tool.hbm2ddl.TableMetadata] - <table found: br_test.MAJOR>
2013-06-25 10:30:20,405 INFO [org.hibernate.tool.hbm2ddl.TableMetadata] - <columns: [id, academy_id, name]>
2013-06-25 10:30:20,405 INFO [org.hibernate.tool.hbm2ddl.TableMetadata] - <foreign keys: [fk45bbd991e1a2da9]>
2013-06-25 10:30:20,405 INFO [org.hibernate.tool.hbm2ddl.TableMetadata] - <indexes: [fk45bbd991e1a2da9, primary]>
2013-06-25 10:30:20,411 INFO [org.hibernate.tool.hbm2ddl.DatabaseMetadata] - <table not found: RATE>
2013-06-25 10:30:20,464 INFO [org.hibernate.tool.hbm2ddl.TableMetadata] - <table found: br_test.RESOURCE>
2013-06-25 10:30:20,465 INFO [org.hibernate.tool.hbm2ddl.TableMetadata] - <columns: [collect_times, resource_mark, resource_snapshot_path, id, upload_time, upload_user_id, category, description, key_words, resource_size, delete_flag, resource_type, resource_real_name, download_times, share_times]>
2013-06-25 10:30:20,465 INFO [org.hibernate.tool.hbm2ddl.TableMetadata] - <foreign keys: [fk1a51b40e3b31188d]>
2013-06-25 10:30:20,465 INFO [org.hibernate.tool.hbm2ddl.TableMetadata] - <indexes: [primary, fk1a51b40e3b31188d]>
2013-06-25 10:30:20,473 INFO [org.hibernate.tool.hbm2ddl.DatabaseMetadata] - <table not found: RESOURCE_COMMENT>
2013-06-25 10:30:20,525 INFO [org.hibernate.tool.hbm2ddl.TableMetadata] - <table found: br_test.RESOURCE_COURSE>
2013-06-25 10:30:20,526 INFO [org.hibernate.tool.hbm2ddl.TableMetadata] - <columns: [resource_id, course_id]>
2013-06-25 10:30:20,526 INFO [org.hibernate.tool.hbm2ddl.TableMetadata] - <foreign keys: [fkf2b2116c809bda8b, fkf2b2116c193d896b]>
2013-06-25 10:30:20,526 INFO [org.hibernate.tool.hbm2ddl.TableMetadata] - <indexes: [primary, fkf2b2116c809bda8b, fkf2b2116c193d896b]>
2013-06-25 10:30:20,592 INFO [org.hibernate.tool.hbm2ddl.TableMetadata] - <table found: br_test.SUB_TOPIC>
2013-06-25 10:30:20,592 INFO [org.hibernate.tool.hbm2ddl.TableMetadata] - <columns: [content, id, pub_date, author_id, reply_topic_id]>
2013-06-25 10:30:20,593 INFO [org.hibernate.tool.hbm2ddl.TableMetadata] - <foreign keys: [fkda30623032ffe70b, fkda306230a61ab83e]>
2013-06-25 10:30:20,593 INFO [org.hibernate.tool.hbm2ddl.TableMetadata] - <indexes: [fkda30623032ffe70b, primary, fkda306230a61ab83e]>
2013-06-25 10:30:20,631 INFO [org.hibernate.tool.hbm2ddl.TableMetadata] - <table found: br_test.TAG>
2013-06-25 10:30:20,632 INFO [org.hibernate.tool.hbm2ddl.TableMetadata] - <columns: [id, tag_name, reference_times]>
2013-06-25 10:30:20,632 INFO [org.hibernate.tool.hbm2ddl.TableMetadata] - <foreign keys: []>
2013-06-25 10:30:20,633 INFO [org.hibernate.tool.hbm2ddl.TableMetadata] - <indexes: [primary]>
2013-06-25 10:30:20,675 INFO [org.hibernate.tool.hbm2ddl.TableMetadata] - <table found: br_test.TAG_RESOURCE>
2013-06-25 10:30:20,676 INFO [org.hibernate.tool.hbm2ddl.TableMetadata] - <columns: [resource_id, tag_id]>
2013-06-25 10:30:20,677 INFO [org.hibernate.tool.hbm2ddl.TableMetadata] - <foreign keys: [fk3470eb33e30e5669, fk3470eb33193d896b]>
2013-06-25 10:30:20,677 INFO [org.hibernate.tool.hbm2ddl.TableMetadata] - <indexes: [fk3470eb33e30e5669, fk3470eb33193d896b, primary]>
2013-06-25 10:30:20,733 INFO [org.hibernate.tool.hbm2ddl.TableMetadata] - <table found: br_test.TOPIC>
2013-06-25 10:30:20,734 INFO [org.hibernate.tool.hbm2ddl.TableMetadata] - <columns: [content, id, title, pub_date, delete_flag, author_id, community_id]>
2013-06-25 10:30:20,734 INFO [org.hibernate.tool.hbm2ddl.TableMetadata] - <foreign keys: [fk4c4d50f32ffe70b, fk4c4d50fdf3410c9]>
2013-06-25 10:30:20,734 INFO [org.hibernate.tool.hbm2ddl.TableMetadata] - <indexes: [primary, fk4c4d50f32ffe70b, fk4c4d50fdf3410c9]>
2013-06-25 10:30:20,942 INFO [org.hibernate.tool.hbm2ddl.TableMetadata] - <table found: br_test.USER>
2013-06-25 10:30:20,942 INFO [org.hibernate.tool.hbm2ddl.TableMetadata] - <columns: [user_gender, id, user_name, first_login_time, state, role, user_teleph, user_password, user_birth, user_id, user_email, activity]>
2013-06-25 10:30:20,943 INFO [org.hibernate.tool.hbm2ddl.TableMetadata] - <foreign keys: []>
2013-06-25 10:30:20,943 INFO [org.hibernate.tool.hbm2ddl.TableMetadata] - <indexes: [primary]>
2013-06-25 10:30:21,020 INFO [org.hibernate.tool.hbm2ddl.TableMetadata] - <table found: br_test.USER_COLLECT_RESOURCE>
2013-06-25 10:30:21,020 INFO [org.hibernate.tool.hbm2ddl.TableMetadata] - <columns: [resource_id, user_id]>
2013-06-25 10:30:21,020 INFO [org.hibernate.tool.hbm2ddl.TableMetadata] - <foreign keys: [fk901f3197d246f4cb, fk901f3197193d896b]>
2013-06-25 10:30:21,021 INFO [org.hibernate.tool.hbm2ddl.TableMetadata] - <indexes: [fk901f3197d246f4cb, fk901f3197193d896b, primary]>
2013-06-25 10:30:21,066 INFO [org.hibernate.tool.hbm2ddl.TableMetadata] - <table found: br_test.USER_DOWNLOAD_RESOURCE>
2013-06-25 10:30:21,067 INFO [org.hibernate.tool.hbm2ddl.TableMetadata] - <columns: [resource_id, user_id]>
2013-06-25 10:30:21,067 INFO [org.hibernate.tool.hbm2ddl.TableMetadata] - <foreign keys: [fk659cd671193d896b, fk659cd671d246f4cb]>
2013-06-25 10:30:21,067 INFO [org.hibernate.tool.hbm2ddl.TableMetadata] - <indexes: [primary, fk659cd671193d896b, fk659cd671d246f4cb]>
2013-06-25 10:30:21,129 INFO [org.hibernate.tool.hbm2ddl.TableMetadata] - <table found: br_test.USER_FOLLOW_COURSE>
2013-06-25 10:30:21,129 INFO [org.hibernate.tool.hbm2ddl.TableMetadata] - <columns: [invite, in_community, user_id, course_id, community_id]>
2013-06-25 10:30:21,129 INFO [org.hibernate.tool.hbm2ddl.TableMetadata] - <foreign keys: [fk49ac7ef5809bda8b, fk49ac7ef5d246f4cb]>
2013-06-25 10:30:21,130 INFO [org.hibernate.tool.hbm2ddl.TableMetadata] - <indexes: [fk49ac7ef5809bda8b, primary, fk49ac7ef5d246f4cb]>
2013-06-25 10:30:21,163 INFO [org.hibernate.tool.hbm2ddl.TableMetadata] - <table found: br_test.USER_FOLLOW_MAJOR>
2013-06-25 10:30:21,164 INFO [org.hibernate.tool.hbm2ddl.TableMetadata] - <columns: [major_id, user_id]>
2013-06-25 10:30:21,164 INFO [org.hibernate.tool.hbm2ddl.TableMetadata] - <foreign keys: [fk44f74f7fd246f4cb, fk44f74f7f874bae49]>
2013-06-25 10:30:21,164 INFO [org.hibernate.tool.hbm2ddl.TableMetadata] - <indexes: [primary, fk44f74f7fd246f4cb, fk44f74f7f874bae49]>
2013-06-25 10:30:21,208 INFO [org.hibernate.tool.hbm2ddl.TableMetadata] - <table found: br_test.USER_SHARE_RESOURCE>
2013-06-25 10:30:21,208 INFO [org.hibernate.tool.hbm2ddl.TableMetadata] - <columns: [resource_id, user_id]>
2013-06-25 10:30:21,208 INFO [org.hibernate.tool.hbm2ddl.TableMetadata] - <foreign keys: [fk486def82193d896b, fk486def82d246f4cb]>
2013-06-25 10:30:21,209 INFO [org.hibernate.tool.hbm2ddl.TableMetadata] - <indexes: [primary, fk486def82193d896b, fk486def82d246f4cb]>
2013-06-25 10:30:21,245 INFO [org.hibernate.tool.hbm2ddl.TableMetadata] - <table found: br_test.USER_TAG>
2013-06-25 10:30:21,246 INFO [org.hibernate.tool.hbm2ddl.TableMetadata] - <columns: [user_id, tag_id]>
2013-06-25 10:30:21,246 INFO [org.hibernate.tool.hbm2ddl.TableMetadata] - <foreign keys: [fk1ed77906e30e5669, fk1ed77906d246f4cb]>
2013-06-25 10:30:21,247 INFO [org.hibernate.tool.hbm2ddl.TableMetadata] - <indexes: [primary, fk1ed77906e30e5669, fk1ed77906d246f4cb]>
2013-06-25 10:30:21,287 INFO [org.hibernate.tool.hbm2ddl.TableMetadata] - <table found: br_test.GROUP>
2013-06-25 10:30:21,287 INFO [org.hibernate.tool.hbm2ddl.TableMetadata] - <columns: [group_name, id, description, group_users_count, group_admin_id]>
2013-06-25 10:30:21,288 INFO [org.hibernate.tool.hbm2ddl.TableMetadata] - <foreign keys: [fk40efe5ffff09887]>
2013-06-25 10:30:21,288 INFO [org.hibernate.tool.hbm2ddl.TableMetadata] - <indexes: [fk40efe5ffff09887, primary]>
2013-06-25 10:30:21,298 INFO [org.hibernate.tool.hbm2ddl.DatabaseMetadata] - <table not found: RATE>
2013-06-25 10:30:21,305 INFO [org.hibernate.tool.hbm2ddl.DatabaseMetadata] - <table not found: RESOURCE_COMMENT>
2013-06-25 10:30:21,747 INFO [org.hibernate.tool.hbm2ddl.SchemaUpdate] - <schema update complete>
2013-06-25 10:30:21,763 INFO [org.hibernate.cache.UpdateTimestampsCache] - <starting update timestamps cache at region: org.hibernate.cache.UpdateTimestampsCache>
2013-06-25 10:30:21,766 WARN [org.hibernate.cache.EhCacheProvider] - <Could not find configuration [org.hibernate.cache.UpdateTimestampsCache]; using defaults.>
2013-06-25 10:30:21,769 INFO [org.hibernate.cache.StandardQueryCache] - <starting query cache at region: org.hibernate.cache.StandardQueryCache>
2013-06-25 10:30:21,770 WARN [org.hibernate.cache.EhCacheProvider] - <Could not find configuration [org.hibernate.cache.StandardQueryCache]; using defaults.>
2013-06-25 10:30:25,785 INFO [org.hibernate.impl.SessionFactoryImpl] - <closing>
2013-06-25 10:39:03,215 INFO [org.hibernate.annotations.common.Version] - <Hibernate Commons Annotations 3.2.0.Final>
2013-06-25 10:39:03,227 INFO [org.hibernate.cfg.Environment] - <Hibernate 3.6.9.Final>
2013-06-25 10:39:03,234 INFO [org.hibernate.cfg.Environment] - <hibernate.properties not found>
2013-06-25 10:39:03,241 INFO [org.hibernate.cfg.Environment] - <Bytecode provider name : javassist>
2013-06-25 10:39:03,247 INFO [org.hibernate.cfg.Environment] - <using JDK 1.4 java.sql.Timestamp handling>
2013-06-25 10:39:03,556 INFO [org.hibernate.cfg.AnnotationBinder] - <Binding entity from annotated class: com.bupt.pcncad.domain.Topic>
2013-06-25 10:39:03,647 INFO [org.hibernate.cfg.annotations.EntityBinder] - <Bind entity com.bupt.pcncad.domain.Topic on table TOPIC>
2013-06-25 10:39:03,928 INFO [org.hibernate.cfg.AnnotationBinder] - <Binding entity from annotated class: com.bupt.pcncad.domain.Academy>
2013-06-25 10:39:03,929 INFO [org.hibernate.cfg.annotations.EntityBinder] - <Bind entity com.bupt.pcncad.domain.Academy on table ACADEMY>
2013-06-25 10:39:03,936 INFO [org.hibernate.cfg.AnnotationBinder] - <Binding entity from annotated class: com.bupt.pcncad.domain.Group>
2013-06-25 10:39:03,937 INFO [org.hibernate.cfg.annotations.EntityBinder] - <Bind entity com.bupt.pcncad.domain.Group on table GROUP>
2013-06-25 10:39:03,975 INFO [org.hibernate.cfg.AnnotationBinder] - <Binding entity from annotated class: com.bupt.pcncad.domain.Resource>
2013-06-25 10:39:03,976 INFO [org.hibernate.cfg.annotations.EntityBinder] - <Bind entity com.bupt.pcncad.domain.Resource on table RESOURCE>
2013-06-25 10:39:04,015 INFO [org.hibernate.cfg.AnnotationBinder] - <Binding entity from annotated class: com.bupt.pcncad.domain.Rate>
2013-06-25 10:39:04,017 INFO [org.hibernate.cfg.annotations.EntityBinder] - <Bind entity com.bupt.pcncad.domain.Rate on table RATE>
2013-06-25 10:39:04,022 INFO [org.hibernate.cfg.AnnotationBinder] - <Binding entity from annotated class: com.bupt.pcncad.domain.DoubanJson>
2013-06-25 10:39:04,023 INFO [org.hibernate.cfg.annotations.EntityBinder] - <Bind entity com.bupt.pcncad.domain.DoubanJson on table DoubanJson>
2013-06-25 10:39:04,035 INFO [org.hibernate.cfg.AnnotationBinder] - <Binding entity from annotated class: com.bupt.pcncad.domain.HotBook>
2013-06-25 10:39:04,037 INFO [org.hibernate.cfg.annotations.EntityBinder] - <Bind entity com.bupt.pcncad.domain.HotBook on table HOT_BOOK>
2013-06-25 10:39:04,052 INFO [org.hibernate.cfg.AnnotationBinder] - <Binding entity from annotated class: com.bupt.pcncad.domain.Course>
2013-06-25 10:39:04,054 INFO [org.hibernate.cfg.annotations.EntityBinder] - <Bind entity com.bupt.pcncad.domain.Course on table COURSE>
2013-06-25 10:39:04,064 INFO [org.hibernate.cfg.AnnotationBinder] - <Binding entity from annotated class: com.bupt.pcncad.domain.User>
2013-06-25 10:39:04,065 INFO [org.hibernate.cfg.annotations.EntityBinder] - <Bind entity com.bupt.pcncad.domain.User on table USER>
2013-06-25 10:39:04,104 INFO [org.hibernate.cfg.AnnotationBinder] - <Binding entity from annotated class: com.bupt.pcncad.domain.SubTopic>
2013-06-25 10:39:04,106 INFO [org.hibernate.cfg.annotations.EntityBinder] - <Bind entity com.bupt.pcncad.domain.SubTopic on table SUB_TOPIC>
2013-06-25 10:39:04,113 INFO [org.hibernate.cfg.AnnotationBinder] - <Binding entity from annotated class: com.bupt.pcncad.domain.ResourceComment>
2013-06-25 10:39:04,114 INFO [org.hibernate.cfg.annotations.EntityBinder] - <Bind entity com.bupt.pcncad.domain.ResourceComment on table RESOURCE_COMMENT>
2013-06-25 10:39:04,120 INFO [org.hibernate.cfg.AnnotationBinder] - <Binding entity from annotated class: com.bupt.pcncad.domain.Directory>
2013-06-25 10:39:04,121 INFO [org.hibernate.cfg.annotations.EntityBinder] - <Bind entity com.bupt.pcncad.domain.Directory on table DIRECTORY>
2013-06-25 10:39:04,129 INFO [org.hibernate.cfg.AnnotationBinder] - <Binding entity from annotated class: com.bupt.pcncad.domain.Major>
2013-06-25 10:39:04,130 INFO [org.hibernate.cfg.annotations.EntityBinder] - <Bind entity com.bupt.pcncad.domain.Major on table MAJOR>
2013-06-25 10:39:04,168 INFO [org.hibernate.cfg.AnnotationBinder] - <Binding entity from annotated class: com.bupt.pcncad.domain.Bulletin>
2013-06-25 10:39:04,169 INFO [org.hibernate.cfg.annotations.EntityBinder] - <Bind entity com.bupt.pcncad.domain.Bulletin on table BULLETIN>
2013-06-25 10:39:04,182 INFO [org.hibernate.cfg.AnnotationBinder] - <Binding entity from annotated class: com.bupt.pcncad.domain.Tag>
2013-06-25 10:39:04,184 INFO [org.hibernate.cfg.annotations.EntityBinder] - <Bind entity com.bupt.pcncad.domain.Tag on table TAG>
2013-06-25 10:39:04,204 INFO [org.hibernate.cfg.AnnotationBinder] - <Binding entity from annotated class: com.bupt.pcncad.domain.Invite>
2013-06-25 10:39:04,205 INFO [org.hibernate.cfg.annotations.EntityBinder] - <Bind entity com.bupt.pcncad.domain.Invite on table USER_FOLLOW_COURSE>
2013-06-25 10:39:04,237 INFO [org.hibernate.cfg.AnnotationBinder] - <Binding entity from annotated class: com.bupt.pcncad.domain.Community>
2013-06-25 10:39:04,238 INFO [org.hibernate.cfg.annotations.EntityBinder] - <Bind entity com.bupt.pcncad.domain.Community on table COMMUNITY>
2013-06-25 10:39:04,296 INFO [org.hibernate.cfg.annotations.CollectionBinder] - <Mapping collection: com.bupt.pcncad.domain.Community.topics -> TOPIC>
2013-06-25 10:39:04,300 INFO [org.hibernate.cfg.annotations.CollectionBinder] - <Mapping collection: com.bupt.pcncad.domain.Community.bulletins -> BULLETIN>
2013-06-25 10:39:04,301 INFO [org.hibernate.cfg.annotations.CollectionBinder] - <Mapping collection: com.bupt.pcncad.domain.Major.courses -> COURSE>
2013-06-25 10:39:04,307 INFO [org.hibernate.cfg.annotations.CollectionBinder] - <Mapping collection: com.bupt.pcncad.domain.Course.doubanJsons -> DoubanJson>
2013-06-25 10:39:04,308 INFO [org.hibernate.cfg.annotations.CollectionBinder] - <Mapping collection: com.bupt.pcncad.domain.Course.communities -> COMMUNITY>
2013-06-25 10:39:04,310 INFO [org.hibernate.cfg.annotations.CollectionBinder] - <Mapping collection: com.bupt.pcncad.domain.Academy.majors -> MAJOR>
2013-06-25 10:39:04,311 INFO [org.hibernate.cfg.annotations.CollectionBinder] - <Mapping collection: com.bupt.pcncad.domain.Topic.subTopicSet -> SUB_TOPIC>
2013-06-25 10:39:04,326 INFO [org.hibernate.cfg.Configuration] - <Hibernate Validator not found: ignoring>
2013-06-25 10:39:04,375 INFO [org.hibernate.cfg.search.HibernateSearchEventListenerRegister] - <Unable to find org.hibernate.search.event.FullTextIndexEventListener on the classpath. Hibernate Search is not enabled.>
2013-06-25 10:39:04,549 WARN [org.hibernate.mapping.RootClass] - <composite-id class does not override equals(): com.bupt.pcncad.domain.Invite>
2013-06-25 10:39:04,550 WARN [org.hibernate.mapping.RootClass] - <composite-id class does not override hashCode(): com.bupt.pcncad.domain.Invite>
2013-06-25 10:39:04,558 INFO [org.hibernate.connection.ConnectionProviderFactory] - <Initializing connection provider: org.springframework.orm.hibernate3.LocalDataSourceConnectionProvider>
2013-06-25 10:39:14,603 INFO [org.hibernate.dialect.Dialect] - <Using dialect: org.hibernate.dialect.MySQLDialect>
2013-06-25 10:39:14,630 INFO [org.hibernate.engine.jdbc.JdbcSupportLoader] - <Disabling contextual LOB creation as JDBC driver reported JDBC version [3] less than 4>
2013-06-25 10:39:14,630 INFO [org.hibernate.cfg.SettingsFactory] - <Database ->
       name : MySQL
    version : 5.0.87-community-nt
      major : 5
      minor : 0>
2013-06-25 10:39:14,631 INFO [org.hibernate.cfg.SettingsFactory] - <Driver ->
       name : MySQL-AB JDBC Driver
    version : mysql-connector-java-5.1.9 ( Revision: ${svn.Revision} )
      major : 5
      minor : 1>
2013-06-25 10:39:14,634 INFO [org.hibernate.transaction.TransactionFactoryFactory] - <Transaction strategy: org.springframework.orm.hibernate3.SpringTransactionFactory>
2013-06-25 10:39:14,638 INFO [org.hibernate.transaction.TransactionManagerLookupFactory] - <No TransactionManagerLookup configured (in JTA environment, use of read-write or transactional second-level cache is not recommended)>
2013-06-25 10:39:14,638 INFO [org.hibernate.cfg.SettingsFactory] - <Automatic flush during beforeCompletion(): disabled>
2013-06-25 10:39:14,638 INFO [org.hibernate.cfg.SettingsFactory] - <Automatic session close at end of transaction: disabled>
2013-06-25 10:39:14,639 INFO [org.hibernate.cfg.SettingsFactory] - <JDBC batch size: 50>
2013-06-25 10:39:14,639 INFO [org.hibernate.cfg.SettingsFactory] - <JDBC batch updates for versioned data: disabled>
2013-06-25 10:39:14,640 INFO [org.hibernate.cfg.SettingsFactory] - <Scrollable result sets: enabled>
2013-06-25 10:39:14,641 INFO [org.hibernate.cfg.SettingsFactory] - <JDBC3 getGeneratedKeys(): enabled>
2013-06-25 10:39:14,641 INFO [org.hibernate.cfg.SettingsFactory] - <JDBC result set fetch size: 50>
2013-06-25 10:39:14,641 INFO [org.hibernate.cfg.SettingsFactory] - <Connection release mode: auto>
2013-06-25 10:39:14,642 INFO [org.hibernate.cfg.SettingsFactory] - <Maximum outer join fetch depth: 2>
2013-06-25 10:39:14,643 INFO [org.hibernate.cfg.SettingsFactory] - <Default batch fetch size: 1>
2013-06-25 10:39:14,643 INFO [org.hibernate.cfg.SettingsFactory] - <Generate SQL with comments: disabled>
2013-06-25 10:39:14,643 INFO [org.hibernate.cfg.SettingsFactory] - <Order SQL updates by primary key: disabled>
2013-06-25 10:39:14,643 INFO [org.hibernate.cfg.SettingsFactory] - <Order SQL inserts for batching: disabled>
2013-06-25 10:39:14,644 INFO [org.hibernate.cfg.SettingsFactory] - <Query translator: org.hibernate.hql.ast.ASTQueryTranslatorFactory>
2013-06-25 10:39:14,647 INFO [org.hibernate.hql.ast.ASTQueryTranslatorFactory] - <Using ASTQueryTranslatorFactory>
2013-06-25 10:39:14,647 INFO [org.hibernate.cfg.SettingsFactory] - <Query language substitutions: {}>
2013-06-25 10:39:14,647 INFO [org.hibernate.cfg.SettingsFactory] - <JPA-QL strict compliance: disabled>
2013-06-25 10:39:14,647 INFO [org.hibernate.cfg.SettingsFactory] - <Second-level cache: enabled>
2013-06-25 10:39:14,647 INFO [org.hibernate.cfg.SettingsFactory] - <Query cache: enabled>
2013-06-25 10:39:14,648 INFO [org.hibernate.cfg.SettingsFactory] - <Cache region factory : org.hibernate.cache.impl.bridge.RegionFactoryCacheProviderBridge>
2013-06-25 10:39:14,653 INFO [org.hibernate.cache.impl.bridge.RegionFactoryCacheProviderBridge] - <Cache provider: org.hibernate.cache.EhCacheProvider>
2013-06-25 10:39:14,658 INFO [org.hibernate.cfg.SettingsFactory] - <Optimize cache for minimal puts: disabled>
2013-06-25 10:39:14,658 INFO [org.hibernate.cfg.SettingsFactory] - <Structured second-level cache entries: disabled>
2013-06-25 10:39:14,659 INFO [org.hibernate.cfg.SettingsFactory] - <Query cache factory: org.hibernate.cache.StandardQueryCacheFactory>
2013-06-25 10:39:14,667 INFO [org.hibernate.cfg.SettingsFactory] - <Statistics: disabled>
2013-06-25 10:39:14,667 INFO [org.hibernate.cfg.SettingsFactory] - <Deleted entity synthetic identifier rollback: disabled>
2013-06-25 10:39:14,667 INFO [org.hibernate.cfg.SettingsFactory] - <Default entity-mode: pojo>
2013-06-25 10:39:14,668 INFO [org.hibernate.cfg.SettingsFactory] - <Named query checking : enabled>
2013-06-25 10:39:14,668 INFO [org.hibernate.cfg.SettingsFactory] - <Check Nullability in Core (should be disabled when Bean Validation is on): disabled>
2013-06-25 10:39:14,694 INFO [org.hibernate.impl.SessionFactoryImpl] - <building session factory>
2013-06-25 10:39:14,703 INFO [org.hibernate.type.BasicTypeRegistry] - <Type registration [materialized_clob] overrides previous : org.hibernate.type.MaterializedClobType@6da8eb>
2013-06-25 10:39:14,703 INFO [org.hibernate.type.BasicTypeRegistry] - <Type registration [blob] overrides previous : org.hibernate.type.BlobType@16d079a>
2013-06-25 10:39:14,703 INFO [org.hibernate.type.BasicTypeRegistry] - <Type registration [java.sql.Blob] overrides previous : org.hibernate.type.BlobType@16d079a>
2013-06-25 10:39:14,704 INFO [org.hibernate.type.BasicTypeRegistry] - <Type registration [characters_clob] overrides previous : org.hibernate.type.PrimitiveCharacterArrayClobType@10e468f>
2013-06-25 10:39:14,704 INFO [org.hibernate.type.BasicTypeRegistry] - <Type registration [wrapper_characters_clob] overrides previous : org.hibernate.type.CharacterArrayClobType@3a78ad>
2013-06-25 10:39:14,704 INFO [org.hibernate.type.BasicTypeRegistry] - <Type registration [materialized_blob] overrides previous : org.hibernate.type.MaterializedBlobType@c8d62f>
2013-06-25 10:39:14,704 INFO [org.hibernate.type.BasicTypeRegistry] - <Type registration [clob] overrides previous : org.hibernate.type.ClobType@165d118>
2013-06-25 10:39:14,705 INFO [org.hibernate.type.BasicTypeRegistry] - <Type registration [java.sql.Clob] overrides previous : org.hibernate.type.ClobType@165d118>
2013-06-25 10:39:14,705 INFO [org.hibernate.type.BasicTypeRegistry] - <Type registration [wrapper_materialized_blob] overrides previous : org.hibernate.type.WrappedMaterializedBlobType@18297fe>
2013-06-25 10:39:14,930 WARN [org.hibernate.id.UUIDHexGenerator] - <Using org.hibernate.id.UUIDHexGenerator which does not generate IETF RFC 4122 compliant UUID values; consider using org.hibernate.id.UUIDGenerator instead>
2013-06-25 10:39:15,105 WARN [org.hibernate.cache.EhCacheProvider] - <Could not find configuration [com.bupt.pcncad.domain.Academy]; using defaults.>
2013-06-25 10:39:15,108 WARN [org.hibernate.cache.impl.bridge.EntityRegionAdapter] - <read-only cache configured for mutable entity [com.bupt.pcncad.domain.Academy]>
2013-06-25 10:39:15,172 WARN [org.hibernate.cache.EhCacheProvider] - <Could not find configuration [com.bupt.pcncad.domain.Major]; using defaults.>
2013-06-25 10:39:15,173 WARN [org.hibernate.cache.impl.bridge.EntityRegionAdapter] - <read-only cache configured for mutable entity [com.bupt.pcncad.domain.Major]>
2013-06-25 10:39:15,441 INFO [org.hibernate.impl.SessionFactoryObjectFactory] - <Not binding factory to JNDI, no JNDI name configured>
2013-06-25 10:39:15,448 INFO [org.hibernate.tool.hbm2ddl.SchemaUpdate] - <Running hbm2ddl schema update>
2013-06-25 10:39:15,449 INFO [org.hibernate.tool.hbm2ddl.SchemaUpdate] - <fetching database metadata>
2013-06-25 10:39:15,453 INFO [org.hibernate.tool.hbm2ddl.SchemaUpdate] - <updating schema>
2013-06-25 10:39:15,521 INFO [org.hibernate.tool.hbm2ddl.TableMetadata] - <table found: br_test.academy>
2013-06-25 10:39:15,521 INFO [org.hibernate.tool.hbm2ddl.TableMetadata] - <columns: [id, name]>
2013-06-25 10:39:15,521 INFO [org.hibernate.tool.hbm2ddl.TableMetadata] - <foreign keys: []>
2013-06-25 10:39:15,521 INFO [org.hibernate.tool.hbm2ddl.TableMetadata] - <indexes: [primary]>
2013-06-25 10:39:15,571 INFO [org.hibernate.tool.hbm2ddl.TableMetadata] - <table found: br_test.bulletin>
2013-06-25 10:39:15,572 INFO [org.hibernate.tool.hbm2ddl.TableMetadata] - <columns: [content, id, pub_date, community_id]>
2013-06-25 10:39:15,572 INFO [org.hibernate.tool.hbm2ddl.TableMetadata] - <foreign keys: [fkde7f29a7df3410c9]>
2013-06-25 10:39:15,572 INFO [org.hibernate.tool.hbm2ddl.TableMetadata] - <indexes: [fkde7f29a7df3410c9, primary]>
2013-06-25 10:39:15,625 INFO [org.hibernate.tool.hbm2ddl.TableMetadata] - <table found: br_test.community>
2013-06-25 10:39:15,626 INFO [org.hibernate.tool.hbm2ddl.TableMetadata] - <columns: [id, name, state, admin_id, course_id]>
2013-06-25 10:39:15,626 INFO [org.hibernate.tool.hbm2ddl.TableMetadata] - <foreign keys: [fk4ddd3fc9809bda8b, fk4ddd3fc9a1487ec7]>
2013-06-25 10:39:15,627 INFO [org.hibernate.tool.hbm2ddl.TableMetadata] - <indexes: [fk4ddd3fc9809bda8b, fk4ddd3fc9a1487ec7, primary]>
2013-06-25 10:39:15,666 INFO [org.hibernate.tool.hbm2ddl.TableMetadata] - <table found: br_test.community_user>
2013-06-25 10:39:15,666 INFO [org.hibernate.tool.hbm2ddl.TableMetadata] - <columns: [user_id, community_id]>
2013-06-25 10:39:15,667 INFO [org.hibernate.tool.hbm2ddl.TableMetadata] - <foreign keys: [fkb1f2d281d246f4cb, fkb1f2d281df3410c9]>
2013-06-25 10:39:15,667 INFO [org.hibernate.tool.hbm2ddl.TableMetadata] - <indexes: [primary, fkb1f2d281df3410c9, fkb1f2d281d246f4cb]>
2013-06-25 10:39:15,724 INFO [org.hibernate.tool.hbm2ddl.TableMetadata] - <table found: br_test.course>
2013-06-25 10:39:15,725 INFO [org.hibernate.tool.hbm2ddl.TableMetadata] - <columns: [id, term, major_id, name, search_keyword]>
2013-06-25 10:39:15,726 INFO [org.hibernate.tool.hbm2ddl.TableMetadata] - <foreign keys: [fk76d5d41b874bae49]>
2013-06-25 10:39:15,726 INFO [org.hibernate.tool.hbm2ddl.TableMetadata] - <indexes: [fk76d5d41b874bae49, primary]>
2013-06-25 10:39:15,759 INFO [org.hibernate.tool.hbm2ddl.TableMetadata] - <table found: br_test.directory>
2013-06-25 10:39:15,760 INFO [org.hibernate.tool.hbm2ddl.TableMetadata] - <columns: [id, dir_name, user_id]>
2013-06-25 10:39:15,760 INFO [org.hibernate.tool.hbm2ddl.TableMetadata] - <foreign keys: [fk6cb82e4dd246f4cb]>
2013-06-25 10:39:15,761 INFO [org.hibernate.tool.hbm2ddl.TableMetadata] - <indexes: [fk6cb82e4dd246f4cb, primary]>
2013-06-25 10:39:15,824 INFO [org.hibernate.tool.hbm2ddl.TableMetadata] - <table found: br_test.doubanjson>
2013-06-25 10:39:15,825 INFO [org.hibernate.tool.hbm2ddl.TableMetadata] - <columns: [summary, largepic, mediumpic, pub_date, smallpic, url, publisher, id, authors, title, price, translators, isbn10, alt, course_id]>
2013-06-25 10:39:15,825 INFO [org.hibernate.tool.hbm2ddl.TableMetadata] - <foreign keys: [fk92f1ed2d809bda8b]>
2013-06-25 10:39:15,825 INFO [org.hibernate.tool.hbm2ddl.TableMetadata] - <indexes: [primary, fk92f1ed2d809bda8b]>
2013-06-25 10:39:15,857 INFO [org.hibernate.tool.hbm2ddl.TableMetadata] - <table found: br_test.group_user>
2013-06-25 10:39:15,858 INFO [org.hibernate.tool.hbm2ddl.TableMetadata] - <columns: [group_id, user_id]>
2013-06-25 10:39:15,858 INFO [org.hibernate.tool.hbm2ddl.TableMetadata] - <foreign keys: [fk6b1ec1abd246f4cb, fk6b1ec1aba3ddb089]>
2013-06-25 10:39:15,859 INFO [org.hibernate.tool.hbm2ddl.TableMetadata] - <indexes: [fk6b1ec1abd246f4cb, fk6b1ec1aba3ddb089, primary]>
2013-06-25 10:39:15,908 INFO [org.hibernate.tool.hbm2ddl.TableMetadata] - <table found: br_test.hot_book>
2013-06-25 10:39:15,909 INFO [org.hibernate.tool.hbm2ddl.TableMetadata] - <columns: [img_url, tag, pub_date, pages, douban_id, chinese_name, publisher, id, author, lab_href, flag, price, description, isbn, binding, user_id, rating, english_name, douban_href]>
2013-06-25 10:39:15,910 INFO [org.hibernate.tool.hbm2ddl.TableMetadata] - <foreign keys: [fk1f11e7bbd246f4cb]>
2013-06-25 10:39:15,911 INFO [org.hibernate.tool.hbm2ddl.TableMetadata] - <indexes: [primary, fk1f11e7bbd246f4cb]>
2013-06-25 10:39:15,956 INFO [org.hibernate.tool.hbm2ddl.TableMetadata] - <table found: br_test.major>
2013-06-25 10:39:15,956 INFO [org.hibernate.tool.hbm2ddl.TableMetadata] - <columns: [id, academy_id, name]>
2013-06-25 10:39:15,957 INFO [org.hibernate.tool.hbm2ddl.TableMetadata] - <foreign keys: [fk45bbd991e1a2da9]>
2013-06-25 10:39:15,957 INFO [org.hibernate.tool.hbm2ddl.TableMetadata] - <indexes: [fk45bbd991e1a2da9, primary]>
2013-06-25 10:39:15,961 INFO [org.hibernate.tool.hbm2ddl.DatabaseMetadata] - <table not found: RATE>
2013-06-25 10:39:16,018 INFO [org.hibernate.tool.hbm2ddl.TableMetadata] - <table found: br_test.resource>
2013-06-25 10:39:16,018 INFO [org.hibernate.tool.hbm2ddl.TableMetadata] - <columns: [collect_times, resource_mark, resource_snapshot_path, id, upload_time, upload_user_id, category, description, key_words, resource_size, delete_flag, resource_type, resource_real_name, download_times, share_times]>
2013-06-25 10:39:16,019 INFO [org.hibernate.tool.hbm2ddl.TableMetadata] - <foreign keys: [fk1a51b40e3b31188d]>
2013-06-25 10:39:16,020 INFO [org.hibernate.tool.hbm2ddl.TableMetadata] - <indexes: [primary, fk1a51b40e3b31188d]>
2013-06-25 10:39:16,026 INFO [org.hibernate.tool.hbm2ddl.DatabaseMetadata] - <table not found: RESOURCE_COMMENT>
2013-06-25 10:39:16,064 INFO [org.hibernate.tool.hbm2ddl.TableMetadata] - <table found: br_test.resource_course>
2013-06-25 10:39:16,065 INFO [org.hibernate.tool.hbm2ddl.TableMetadata] - <columns: [resource_id, course_id]>
2013-06-25 10:39:16,066 INFO [org.hibernate.tool.hbm2ddl.TableMetadata] - <foreign keys: [fkf2b2116c809bda8b, fkf2b2116c193d896b]>
2013-06-25 10:39:16,066 INFO [org.hibernate.tool.hbm2ddl.TableMetadata] - <indexes: [primary, fkf2b2116c809bda8b, fkf2b2116c193d896b]>
2013-06-25 10:39:16,113 INFO [org.hibernate.tool.hbm2ddl.TableMetadata] - <table found: br_test.sub_topic>
2013-06-25 10:39:16,113 INFO [org.hibernate.tool.hbm2ddl.TableMetadata] - <columns: [content, id, pub_date, author_id, reply_topic_id]>
2013-06-25 10:39:16,113 INFO [org.hibernate.tool.hbm2ddl.TableMetadata] - <foreign keys: [fkda30623032ffe70b, fkda306230a61ab83e]>
2013-06-25 10:39:16,113 INFO [org.hibernate.tool.hbm2ddl.TableMetadata] - <indexes: [fkda30623032ffe70b, primary, fkda306230a61ab83e]>
2013-06-25 10:39:16,153 INFO [org.hibernate.tool.hbm2ddl.TableMetadata] - <table found: br_test.tag>
2013-06-25 10:39:16,154 INFO [org.hibernate.tool.hbm2ddl.TableMetadata] - <columns: [id, tag_name, reference_times]>
2013-06-25 10:39:16,155 INFO [org.hibernate.tool.hbm2ddl.TableMetadata] - <foreign keys: []>
2013-06-25 10:39:16,155 INFO [org.hibernate.tool.hbm2ddl.TableMetadata] - <indexes: [primary]>
2013-06-25 10:39:16,196 INFO [org.hibernate.tool.hbm2ddl.TableMetadata] - <table found: br_test.tag_resource>
2013-06-25 10:39:16,197 INFO [org.hibernate.tool.hbm2ddl.TableMetadata] - <columns: [resource_id, tag_id]>
2013-06-25 10:39:16,197 INFO [org.hibernate.tool.hbm2ddl.TableMetadata] - <foreign keys: [fk3470eb33193d896b, fk3470eb33e30e5669]>
2013-06-25 10:39:16,198 INFO [org.hibernate.tool.hbm2ddl.TableMetadata] - <indexes: [fk3470eb33e30e5669, fk3470eb33193d896b, primary]>
2013-06-25 10:39:16,255 INFO [org.hibernate.tool.hbm2ddl.TableMetadata] - <table found: br_test.topic>
2013-06-25 10:39:16,256 INFO [org.hibernate.tool.hbm2ddl.TableMetadata] - <columns: [content, id, title, pub_date, delete_flag, author_id, community_id]>
2013-06-25 10:39:16,256 INFO [org.hibernate.tool.hbm2ddl.TableMetadata] - <foreign keys: [fk4c4d50f32ffe70b, fk4c4d50fdf3410c9]>
2013-06-25 10:39:16,257 INFO [org.hibernate.tool.hbm2ddl.TableMetadata] - <indexes: [primary, fk4c4d50f32ffe70b, fk4c4d50fdf3410c9]>
2013-06-25 10:39:16,298 INFO [org.hibernate.tool.hbm2ddl.TableMetadata] - <table found: br_test.user>
2013-06-25 10:39:16,299 INFO [org.hibernate.tool.hbm2ddl.TableMetadata] - <columns: [user_gender, id, user_name, first_login_time, state, role, user_teleph, user_password, user_birth, user_id, user_email, activity]>
2013-06-25 10:39:16,299 INFO [org.hibernate.tool.hbm2ddl.TableMetadata] - <foreign keys: []>
2013-06-25 10:39:16,300 INFO [org.hibernate.tool.hbm2ddl.TableMetadata] - <indexes: [primary]>
2013-06-25 10:39:16,342 INFO [org.hibernate.tool.hbm2ddl.TableMetadata] - <table found: br_test.user_collect_resource>
2013-06-25 10:39:16,343 INFO [org.hibernate.tool.hbm2ddl.TableMetadata] - <columns: [resource_id, user_id]>
2013-06-25 10:39:16,344 INFO [org.hibernate.tool.hbm2ddl.TableMetadata] - <foreign keys: [fk901f3197d246f4cb, fk901f3197193d896b]>
2013-06-25 10:39:16,345 INFO [org.hibernate.tool.hbm2ddl.TableMetadata] - <indexes: [fk901f3197d246f4cb, fk901f3197193d896b, primary]>
2013-06-25 10:39:16,383 INFO [org.hibernate.tool.hbm2ddl.TableMetadata] - <table found: br_test.user_download_resource>
2013-06-25 10:39:16,384 INFO [org.hibernate.tool.hbm2ddl.TableMetadata] - <columns: [resource_id, user_id]>
2013-06-25 10:39:16,385 INFO [org.hibernate.tool.hbm2ddl.TableMetadata] - <foreign keys: [fk659cd671193d896b, fk659cd671d246f4cb]>
2013-06-25 10:39:16,385 INFO [org.hibernate.tool.hbm2ddl.TableMetadata] - <indexes: [primary, fk659cd671193d896b, fk659cd671d246f4cb]>
2013-06-25 10:39:16,432 INFO [org.hibernate.tool.hbm2ddl.TableMetadata] - <table found: br_test.user_follow_course>
2013-06-25 10:39:16,432 INFO [org.hibernate.tool.hbm2ddl.TableMetadata] - <columns: [invite, in_community, user_id, course_id, community_id]>
2013-06-25 10:39:16,433 INFO [org.hibernate.tool.hbm2ddl.TableMetadata] - <foreign keys: [fk49ac7ef5809bda8b, fk49ac7ef5d246f4cb]>
2013-06-25 10:39:16,434 INFO [org.hibernate.tool.hbm2ddl.TableMetadata] - <indexes: [fk49ac7ef5809bda8b, primary, fk49ac7ef5d246f4cb]>
2013-06-25 10:39:16,468 INFO [org.hibernate.tool.hbm2ddl.TableMetadata] - <table found: br_test.user_follow_major>
2013-06-25 10:39:16,469 INFO [org.hibernate.tool.hbm2ddl.TableMetadata] - <columns: [major_id, user_id]>
2013-06-25 10:39:16,469 INFO [org.hibernate.tool.hbm2ddl.TableMetadata] - <foreign keys: [fk44f74f7fd246f4cb, fk44f74f7f874bae49]>
2013-06-25 10:39:16,470 INFO [org.hibernate.tool.hbm2ddl.TableMetadata] - <indexes: [primary, fk44f74f7fd246f4cb, fk44f74f7f874bae49]>
2013-06-25 10:39:16,505 INFO [org.hibernate.tool.hbm2ddl.TableMetadata] - <table found: br_test.user_share_resource>
2013-06-25 10:39:16,506 INFO [org.hibernate.tool.hbm2ddl.TableMetadata] - <columns: [resource_id, user_id]>
2013-06-25 10:39:16,507 INFO [org.hibernate.tool.hbm2ddl.TableMetadata] - <foreign keys: [fk486def82193d896b, fk486def82d246f4cb]>
2013-06-25 10:39:16,508 INFO [org.hibernate.tool.hbm2ddl.TableMetadata] - <indexes: [primary, fk486def82193d896b, fk486def82d246f4cb]>
2013-06-25 10:39:16,545 INFO [org.hibernate.tool.hbm2ddl.TableMetadata] - <table found: br_test.user_tag>
2013-06-25 10:39:16,546 INFO [org.hibernate.tool.hbm2ddl.TableMetadata] - <columns: [user_id, tag_id]>
2013-06-25 10:39:16,546 INFO [org.hibernate.tool.hbm2ddl.TableMetadata] - <foreign keys: [fk1ed77906e30e5669, fk1ed77906d246f4cb]>
2013-06-25 10:39:16,547 INFO [org.hibernate.tool.hbm2ddl.TableMetadata] - <indexes: [primary, fk1ed77906e30e5669, fk1ed77906d246f4cb]>
2013-06-25 10:39:16,586 INFO [org.hibernate.tool.hbm2ddl.TableMetadata] - <table found: br_test.group>
2013-06-25 10:39:16,586 INFO [org.hibernate.tool.hbm2ddl.TableMetadata] - <columns: [group_name, id, description, group_users_count, group_admin_id]>
2013-06-25 10:39:16,586 INFO [org.hibernate.tool.hbm2ddl.TableMetadata] - <foreign keys: [fk40efe5ffff09887]>
2013-06-25 10:39:16,586 INFO [org.hibernate.tool.hbm2ddl.TableMetadata] - <indexes: [fk40efe5ffff09887, primary]>
2013-06-25 10:39:16,591 INFO [org.hibernate.tool.hbm2ddl.DatabaseMetadata] - <table not found: RATE>
2013-06-25 10:39:16,594 INFO [org.hibernate.tool.hbm2ddl.DatabaseMetadata] - <table not found: RESOURCE_COMMENT>
2013-06-25 10:39:17,384 INFO [org.hibernate.tool.hbm2ddl.SchemaUpdate] - <schema update complete>
2013-06-25 10:39:17,395 INFO [org.hibernate.cache.UpdateTimestampsCache] - <starting update timestamps cache at region: org.hibernate.cache.UpdateTimestampsCache>
2013-06-25 10:39:17,396 WARN [org.hibernate.cache.EhCacheProvider] - <Could not find configuration [org.hibernate.cache.UpdateTimestampsCache]; using defaults.>
2013-06-25 10:39:17,399 INFO [org.hibernate.cache.StandardQueryCache] - <starting query cache at region: org.hibernate.cache.StandardQueryCache>
2013-06-25 10:39:17,400 WARN [org.hibernate.cache.EhCacheProvider] - <Could not find configuration [org.hibernate.cache.StandardQueryCache]; using defaults.>
2013-06-25 10:39:24,771 INFO [org.hibernate.impl.SessionFactoryImpl] - <closing>
